[458] source_idx=50  chunk_idx=8
host=piora5  cpus=1
/scratch/sleonard/miniconda3/envs/megatron/lib/python3.11/site-packages/torch/cuda/__init__.py:61: FutureWarning: The pynvml package is deprecated. Please install nvidia-ml-py instead. If you did not install pynvml directly, please report this to the maintainers of the package that installed pynvml for you.
  import pynvml  # type: ignore[import]
=== α × Q Sweep at β = 0.5 ===
  source : olmoe/code (idx 50)
  targets: chunk 8/8  -> 7 tuples
  α      : [0.0, 0.5, 1.0]
  Q      : [0.9, 0.99, 0.999]
  cells  : 9 (α × Q) per pair
  total  : 63 FGW calls
  output : /scratch/sleonard/MoE_circuits/results/circuits/alpha_beta_sweep/sweep_src50_chunk08.npz

[1/2] Building source triples at each Q ...
  Q=  0.9: built in     2.7s  n_verts=  1023  θ=0.009687
  Q= 0.99: built in     2.1s  n_verts=   890  θ=0.0323
  Q=0.999: built in     2.0s  n_verts=   319  θ=0.08794

[2/2] Sweeping 7 targets × 9 (α, Q) cells ...

  [ 1/7] phi-3.5-moe/math ...
    done in 31.4s  avg_S=0.6457  (elapsed 0.5min)

  [ 2/7] phi-3.5-moe/code ...
    done in 24.1s  avg_S=0.7067  (elapsed 0.9min)

  [ 3/7] phi-3.5-moe/wikitext2 ...
    done in 35.6s  avg_S=0.5249  (elapsed 1.5min)

  [ 4/7] phi-3.5-moe/gsm8k ...
    done in 51.3s  avg_S=0.6044  (elapsed 2.4min)

  [ 5/7] phi-3.5-moe/humaneval ...
    done in 54.0s  avg_S=0.6502  (elapsed 3.3min)

  [ 6/7] phi-3.5-moe/pile-arxiv ...
    done in 33.1s  avg_S=0.5706  (elapsed 3.8min)

  [ 7/7] phi-3.5-moe/pile-github ...
    done in 28.4s  avg_S=0.7003  (elapsed 4.3min)

=== Worker done in 4.3 min ===
Saved: /scratch/sleonard/MoE_circuits/results/circuits/alpha_beta_sweep/sweep_src50_chunk08.npz
