[538] source_idx=59  chunk_idx=7
host=piora5  cpus=1
/scratch/sleonard/miniconda3/envs/megatron/lib/python3.11/site-packages/torch/cuda/__init__.py:61: FutureWarning: The pynvml package is deprecated. Please install nvidia-ml-py instead. If you did not install pynvml directly, please report this to the maintainers of the package that installed pynvml for you.
  import pynvml  # type: ignore[import]
=== α × Q Sweep at β = 0.5 ===
  source : phi-3.5-moe/wikitext2 (idx 59)
  targets: chunk 7/8  -> 7 tuples
  α      : [0.0, 0.5, 1.0]
  Q      : [0.9, 0.99, 0.999]
  cells  : 9 (α × Q) per pair
  total  : 63 FGW calls
  output : /scratch/sleonard/MoE_circuits/results/circuits/alpha_beta_sweep/sweep_src59_chunk07.npz

[1/2] Building source triples at each Q ...
  Q=  0.9: built in     2.0s  n_verts=   509  θ=0.01331
  Q= 0.99: built in     0.9s  n_verts=   441  θ=0.03834
  Q=0.999: built in     0.9s  n_verts=    87  θ=0.1537

[2/2] Sweeping 7 targets × 9 (α, Q) cells ...

  [ 1/7] olmoe/math ...
    done in 56.5s  avg_S=0.6399  (elapsed 0.9min)

  [ 2/7] olmoe/code ...
    done in 38.9s  avg_S=0.5249  (elapsed 1.6min)

  [ 3/7] olmoe/wikitext2 ...
    done in 68.1s  avg_S=0.8279  (elapsed 2.7min)

  [ 4/7] olmoe/gsm8k ...
    done in 34.4s  avg_S=0.7921  (elapsed 3.3min)

  [ 5/7] olmoe/humaneval ...
    done in 50.5s  avg_S=0.4802  (elapsed 4.1min)

  [ 6/7] olmoe/pile-arxiv ...
    done in 41.5s  avg_S=0.7468  (elapsed 4.8min)

  [ 7/7] olmoe/pile-github ...
    done in 47.0s  avg_S=0.5246  (elapsed 5.6min)

=== Worker done in 5.6 min ===
Saved: /scratch/sleonard/MoE_circuits/results/circuits/alpha_beta_sweep/sweep_src59_chunk07.npz
