[475] source_idx=52  chunk_idx=7
host=piora5  cpus=1
/scratch/sleonard/miniconda3/envs/megatron/lib/python3.11/site-packages/torch/cuda/__init__.py:61: FutureWarning: The pynvml package is deprecated. Please install nvidia-ml-py instead. If you did not install pynvml directly, please report this to the maintainers of the package that installed pynvml for you.
  import pynvml  # type: ignore[import]
=== α × Q Sweep at β = 0.5 ===
  source : olmoe/gsm8k (idx 52)
  targets: chunk 7/8  -> 7 tuples
  α      : [0.0, 0.5, 1.0]
  Q      : [0.9, 0.99, 0.999]
  cells  : 9 (α × Q) per pair
  total  : 63 FGW calls
  output : /scratch/sleonard/MoE_circuits/results/circuits/alpha_beta_sweep/sweep_src52_chunk07.npz

[1/2] Building source triples at each Q ...
  Q=  0.9: built in     2.8s  n_verts=  1023  θ=0.01074
  Q= 0.99: built in     2.2s  n_verts=   941  θ=0.03165
  Q=0.999: built in     2.2s  n_verts=   330  θ=0.08833

[2/2] Sweeping 7 targets × 9 (α, Q) cells ...

  [ 1/7] olmoe/math ...
    done in 89.2s  avg_S=0.8030  (elapsed 1.5min)

  [ 2/7] olmoe/code ...
    done in 89.9s  avg_S=0.6308  (elapsed 3.0min)

  [ 3/7] olmoe/wikitext2 ...
    done in 76.5s  avg_S=0.9079  (elapsed 4.3min)

  [ 4/7] olmoe/humaneval ...
    done in 85.2s  avg_S=0.5748  (elapsed 5.7min)

  [ 5/7] olmoe/pile-arxiv ...
    done in 79.6s  avg_S=0.8851  (elapsed 7.0min)

  [ 6/7] olmoe/pile-github ...
    done in 92.9s  avg_S=0.6187  (elapsed 8.6min)

  [ 7/7] phi-3.5-moe/c4 ...
    done in 46.4s  avg_S=0.7637  (elapsed 9.3min)

=== Worker done in 9.3 min ===
Saved: /scratch/sleonard/MoE_circuits/results/circuits/alpha_beta_sweep/sweep_src52_chunk07.npz
