[449] source_idx=49  chunk_idx=8
host=piora5  cpus=1
/scratch/sleonard/miniconda3/envs/megatron/lib/python3.11/site-packages/torch/cuda/__init__.py:61: FutureWarning: The pynvml package is deprecated. Please install nvidia-ml-py instead. If you did not install pynvml directly, please report this to the maintainers of the package that installed pynvml for you.
  import pynvml  # type: ignore[import]
=== α × Q Sweep at β = 0.5 ===
  source : olmoe/math (idx 49)
  targets: chunk 8/8  -> 7 tuples
  α      : [0.0, 0.5, 1.0]
  Q      : [0.9, 0.99, 0.999]
  cells  : 9 (α × Q) per pair
  total  : 63 FGW calls
  output : /scratch/sleonard/MoE_circuits/results/circuits/alpha_beta_sweep/sweep_src49_chunk08.npz

[1/2] Building source triples at each Q ...
  Q=  0.9: built in     2.6s  n_verts=  1024  θ=0.009244
  Q= 0.99: built in     2.0s  n_verts=   941  θ=0.02863
  Q=0.999: built in     2.1s  n_verts=   351  θ=0.07348

[2/2] Sweeping 7 targets × 9 (α, Q) cells ...

  [ 1/7] phi-3.5-moe/math ...
    done in 25.2s  avg_S=0.7713  (elapsed 0.4min)

  [ 2/7] phi-3.5-moe/code ...
    done in 37.4s  avg_S=0.7480  (elapsed 1.0min)

  [ 3/7] phi-3.5-moe/wikitext2 ...
    done in 42.5s  avg_S=0.6399  (elapsed 1.8min)

  [ 4/7] phi-3.5-moe/gsm8k ...
    done in 40.3s  avg_S=0.7409  (elapsed 2.4min)

  [ 5/7] phi-3.5-moe/humaneval ...
    done in 36.3s  avg_S=0.7189  (elapsed 3.0min)

  [ 6/7] phi-3.5-moe/pile-arxiv ...
    done in 27.2s  avg_S=0.6866  (elapsed 3.5min)

  [ 7/7] phi-3.5-moe/pile-github ...
    done in 28.0s  avg_S=0.7429  (elapsed 3.9min)

=== Worker done in 3.9 min ===
Saved: /scratch/sleonard/MoE_circuits/results/circuits/alpha_beta_sweep/sweep_src49_chunk08.npz
