[532] source_idx=59  chunk_idx=1
host=piora5  cpus=1
/scratch/sleonard/miniconda3/envs/megatron/lib/python3.11/site-packages/torch/cuda/__init__.py:61: FutureWarning: The pynvml package is deprecated. Please install nvidia-ml-py instead. If you did not install pynvml directly, please report this to the maintainers of the package that installed pynvml for you.
  import pynvml  # type: ignore[import]
=== α × Q Sweep at β = 0.5 ===
  source : phi-3.5-moe/wikitext2 (idx 59)
  targets: chunk 1/8  -> 7 tuples
  α      : [0.0, 0.5, 1.0]
  Q      : [0.9, 0.99, 0.999]
  cells  : 9 (α × Q) per pair
  total  : 63 FGW calls
  output : /scratch/sleonard/MoE_circuits/results/circuits/alpha_beta_sweep/sweep_src59_chunk01.npz

[1/2] Building source triples at each Q ...
  Q=  0.9: built in     1.8s  n_verts=   509  θ=0.01331
  Q= 0.99: built in     1.0s  n_verts=   441  θ=0.03834
  Q=0.999: built in     1.0s  n_verts=    87  θ=0.1537

[2/2] Sweeping 7 targets × 9 (α, Q) cells ...

  [ 1/7] mixtral-8x7b/pile-github ...
    done in 6.8s  avg_S=0.7594  (elapsed 0.1min)

  [ 2/7] mixtral-8x22b/c4 ...
    done in 10.5s  avg_S=0.8209  (elapsed 0.3min)

  [ 3/7] mixtral-8x22b/math ...
    done in 12.5s  avg_S=0.8426  (elapsed 0.5min)

  [ 4/7] mixtral-8x22b/code ...
    done in 16.8s  avg_S=0.8559  (elapsed 0.8min)

  [ 5/7] mixtral-8x22b/wikitext2 ...
    done in 14.0s  avg_S=0.7935  (elapsed 1.0min)

  [ 6/7] mixtral-8x22b/gsm8k ...
    done in 18.6s  avg_S=0.8452  (elapsed 1.3min)

  [ 7/7] mixtral-8x22b/humaneval ...
    done in 11.1s  avg_S=0.8279  (elapsed 1.5min)

=== Worker done in 1.5 min ===
Saved: /scratch/sleonard/MoE_circuits/results/circuits/alpha_beta_sweep/sweep_src59_chunk01.npz
