[71] source_idx=7  chunk_idx=8
host=piora5  cpus=1
/scratch/sleonard/miniconda3/envs/megatron/lib/python3.11/site-packages/torch/cuda/__init__.py:61: FutureWarning: The pynvml package is deprecated. Please install nvidia-ml-py instead. If you did not install pynvml directly, please report this to the maintainers of the package that installed pynvml for you.
  import pynvml  # type: ignore[import]
=== α × Q Sweep at β = 0.5 ===
  source : mixtral-8x7b/pile-github (idx 7)
  targets: chunk 8/8  -> 7 tuples
  α      : [0.0, 0.5, 1.0]
  Q      : [0.9, 0.99, 0.999]
  cells  : 9 (α × Q) per pair
  total  : 63 FGW calls
  output : /scratch/sleonard/MoE_circuits/results/circuits/alpha_beta_sweep/sweep_src07_chunk08.npz

[1/2] Building source triples at each Q ...
  Q=  0.9: built in     1.5s  n_verts=   256  θ=0.0238
  Q= 0.99: built in     0.4s  n_verts=   186  θ=0.05813
  Q=0.999: built in     0.4s  n_verts=    33  θ=0.2441

[2/2] Sweeping 7 targets × 9 (α, Q) cells ...

  [ 1/7] phi-3.5-moe/math ...
    done in 8.9s  avg_S=0.6501  (elapsed 0.1min)

  [ 2/7] phi-3.5-moe/code ...
    done in 5.7s  avg_S=0.5560  (elapsed 0.2min)

  [ 3/7] phi-3.5-moe/wikitext2 ...
    done in 5.0s  avg_S=0.7594  (elapsed 0.3min)

  [ 4/7] phi-3.5-moe/gsm8k ...
    done in 5.8s  avg_S=0.6323  (elapsed 0.4min)

  [ 5/7] phi-3.5-moe/humaneval ...
    done in 6.2s  avg_S=0.6030  (elapsed 0.5min)

  [ 6/7] phi-3.5-moe/pile-arxiv ...
    done in 5.8s  avg_S=0.7242  (elapsed 0.6min)

  [ 7/7] phi-3.5-moe/pile-github ...
    done in 5.8s  avg_S=0.6098  (elapsed 0.7min)

=== Worker done in 0.7 min ===
Saved: /scratch/sleonard/MoE_circuits/results/circuits/alpha_beta_sweep/sweep_src07_chunk08.npz
