[477] source_idx=53  chunk_idx=0
host=piora5  cpus=1
/scratch/sleonard/miniconda3/envs/megatron/lib/python3.11/site-packages/torch/cuda/__init__.py:61: FutureWarning: The pynvml package is deprecated. Please install nvidia-ml-py instead. If you did not install pynvml directly, please report this to the maintainers of the package that installed pynvml for you.
  import pynvml  # type: ignore[import]
=== α × Q Sweep at β = 0.5 ===
  source : olmoe/humaneval (idx 53)
  targets: chunk 0/8  -> 7 tuples
  α      : [0.0, 0.5, 1.0]
  Q      : [0.9, 0.99, 0.999]
  cells  : 9 (α × Q) per pair
  total  : 63 FGW calls
  output : /scratch/sleonard/MoE_circuits/results/circuits/alpha_beta_sweep/sweep_src53_chunk00.npz

[1/2] Building source triples at each Q ...
  Q=  0.9: built in     2.7s  n_verts=  1012  θ=0.01925
  Q= 0.99: built in     2.1s  n_verts=   754  θ=0.06842
  Q=0.999: built in     1.9s  n_verts=   165  θ=0.1931

[2/2] Sweeping 7 targets × 9 (α, Q) cells ...

  [ 1/7] mixtral-8x7b/c4 ...
    done in 12.2s  avg_S=0.3916  (elapsed 0.2min)

  [ 2/7] mixtral-8x7b/math ...
    done in 13.4s  avg_S=0.3969  (elapsed 0.4min)

  [ 3/7] mixtral-8x7b/code ...
    done in 18.2s  avg_S=0.3995  (elapsed 0.7min)

  [ 4/7] mixtral-8x7b/wikitext2 ...
    done in 16.5s  avg_S=0.3930  (elapsed 1.0min)

  [ 5/7] mixtral-8x7b/gsm8k ...
    done in 13.9s  avg_S=0.4076  (elapsed 1.2min)

  [ 6/7] mixtral-8x7b/humaneval ...
    done in 20.2s  avg_S=0.4192  (elapsed 1.6min)

  [ 7/7] mixtral-8x7b/pile-arxiv ...
    done in 18.5s  avg_S=0.3953  (elapsed 1.9min)

=== Worker done in 1.9 min ===
Saved: /scratch/sleonard/MoE_circuits/results/circuits/alpha_beta_sweep/sweep_src53_chunk00.npz
