[541] source_idx=60  chunk_idx=1
host=piora5  cpus=1
/scratch/sleonard/miniconda3/envs/megatron/lib/python3.11/site-packages/torch/cuda/__init__.py:61: FutureWarning: The pynvml package is deprecated. Please install nvidia-ml-py instead. If you did not install pynvml directly, please report this to the maintainers of the package that installed pynvml for you.
  import pynvml  # type: ignore[import]
=== α × Q Sweep at β = 0.5 ===
  source : phi-3.5-moe/gsm8k (idx 60)
  targets: chunk 1/8  -> 7 tuples
  α      : [0.0, 0.5, 1.0]
  Q      : [0.9, 0.99, 0.999]
  cells  : 9 (α × Q) per pair
  total  : 63 FGW calls
  output : /scratch/sleonard/MoE_circuits/results/circuits/alpha_beta_sweep/sweep_src60_chunk01.npz

[1/2] Building source triples at each Q ...
  Q=  0.9: built in     4.6s  n_verts=   508  θ=0.01425
  Q= 0.99: built in     0.9s  n_verts=   420  θ=0.04287
  Q=0.999: built in     0.9s  n_verts=    89  θ=0.1577

[2/2] Sweeping 7 targets × 9 (α, Q) cells ...

  [ 1/7] mixtral-8x7b/pile-github ...
    done in 12.3s  avg_S=0.6323  (elapsed 0.2min)

  [ 2/7] mixtral-8x22b/c4 ...
    done in 10.4s  avg_S=0.6843  (elapsed 0.4min)

  [ 3/7] mixtral-8x22b/math ...
    done in 12.6s  avg_S=0.7171  (elapsed 0.6min)

  [ 4/7] mixtral-8x22b/code ...
    done in 11.6s  avg_S=0.7441  (elapsed 0.8min)

  [ 5/7] mixtral-8x22b/wikitext2 ...
    done in 8.3s  avg_S=0.6533  (elapsed 0.9min)

  [ 6/7] mixtral-8x22b/gsm8k ...
    done in 8.9s  avg_S=0.7278  (elapsed 1.1min)

  [ 7/7] mixtral-8x22b/humaneval ...
    done in 10.4s  avg_S=0.7218  (elapsed 1.2min)

=== Worker done in 1.2 min ===
Saved: /scratch/sleonard/MoE_circuits/results/circuits/alpha_beta_sweep/sweep_src60_chunk01.npz
