[512] source_idx=56  chunk_idx=8
host=piora5  cpus=1
/scratch/sleonard/miniconda3/envs/megatron/lib/python3.11/site-packages/torch/cuda/__init__.py:61: FutureWarning: The pynvml package is deprecated. Please install nvidia-ml-py instead. If you did not install pynvml directly, please report this to the maintainers of the package that installed pynvml for you.
  import pynvml  # type: ignore[import]
=== α × Q Sweep at β = 0.5 ===
  source : phi-3.5-moe/c4 (idx 56)
  targets: chunk 8/8  -> 7 tuples
  α      : [0.0, 0.5, 1.0]
  Q      : [0.9, 0.99, 0.999]
  cells  : 9 (α × Q) per pair
  total  : 63 FGW calls
  output : /scratch/sleonard/MoE_circuits/results/circuits/alpha_beta_sweep/sweep_src56_chunk08.npz

[1/2] Building source triples at each Q ...
  Q=  0.9: built in     1.4s  n_verts=   511  θ=0.01173
  Q= 0.99: built in     1.1s  n_verts=   440  θ=0.03211
  Q=0.999: built in     1.0s  n_verts=   101  θ=0.08945

[2/2] Sweeping 7 targets × 9 (α, Q) cells ...

  [ 1/7] phi-3.5-moe/math ...
    done in 13.3s  avg_S=0.8005  (elapsed 0.2min)

  [ 2/7] phi-3.5-moe/code ...
    done in 18.1s  avg_S=0.6679  (elapsed 0.5min)

  [ 3/7] phi-3.5-moe/wikitext2 ...
    done in 12.1s  avg_S=0.9114  (elapsed 0.7min)

  [ 4/7] phi-3.5-moe/gsm8k ...
    done in 16.2s  avg_S=0.7974  (elapsed 1.0min)

  [ 5/7] phi-3.5-moe/humaneval ...
    done in 15.4s  avg_S=0.7174  (elapsed 1.2min)

  [ 6/7] phi-3.5-moe/pile-arxiv ...
    done in 19.1s  avg_S=0.8674  (elapsed 1.6min)

  [ 7/7] phi-3.5-moe/pile-github ...
    done in 15.2s  avg_S=0.7272  (elapsed 1.8min)

=== Worker done in 1.8 min ===
Saved: /scratch/sleonard/MoE_circuits/results/circuits/alpha_beta_sweep/sweep_src56_chunk08.npz
