[116] source_idx=12  chunk_idx=8
host=piora5  cpus=1
/scratch/sleonard/miniconda3/envs/megatron/lib/python3.11/site-packages/torch/cuda/__init__.py:61: FutureWarning: The pynvml package is deprecated. Please install nvidia-ml-py instead. If you did not install pynvml directly, please report this to the maintainers of the package that installed pynvml for you.
  import pynvml  # type: ignore[import]
=== α × Q Sweep at β = 0.5 ===
  source : mixtral-8x22b/gsm8k (idx 12)
  targets: chunk 8/8  -> 7 tuples
  α      : [0.0, 0.5, 1.0]
  Q      : [0.9, 0.99, 0.999]
  cells  : 9 (α × Q) per pair
  total  : 63 FGW calls
  output : /scratch/sleonard/MoE_circuits/results/circuits/alpha_beta_sweep/sweep_src12_chunk08.npz

[1/2] Building source triples at each Q ...
  Q=  0.9: built in     1.5s  n_verts=   448  θ=0.01887
  Q= 0.99: built in     0.6s  n_verts=   366  θ=0.04796
  Q=0.999: built in     0.6s  n_verts=    90  θ=0.1704

[2/2] Sweeping 7 targets × 9 (α, Q) cells ...

  [ 1/7] phi-3.5-moe/math ...
    done in 11.8s  avg_S=0.7240  (elapsed 0.2min)

  [ 2/7] phi-3.5-moe/code ...
    done in 10.0s  avg_S=0.6101  (elapsed 0.4min)

  [ 3/7] phi-3.5-moe/wikitext2 ...
    done in 14.1s  avg_S=0.8453  (elapsed 0.6min)

  [ 4/7] phi-3.5-moe/gsm8k ...
    done in 9.0s  avg_S=0.7278  (elapsed 0.7min)

  [ 5/7] phi-3.5-moe/humaneval ...
    done in 11.8s  avg_S=0.6585  (elapsed 0.9min)

  [ 6/7] phi-3.5-moe/pile-arxiv ...
    done in 10.5s  avg_S=0.8232  (elapsed 1.1min)

  [ 7/7] phi-3.5-moe/pile-github ...
    done in 10.9s  avg_S=0.6843  (elapsed 1.3min)

=== Worker done in 1.3 min ===
Saved: /scratch/sleonard/MoE_circuits/results/circuits/alpha_beta_sweep/sweep_src12_chunk08.npz
