[62] source_idx=6  chunk_idx=8
host=piora5  cpus=1
/scratch/sleonard/miniconda3/envs/megatron/lib/python3.11/site-packages/torch/cuda/__init__.py:61: FutureWarning: The pynvml package is deprecated. Please install nvidia-ml-py instead. If you did not install pynvml directly, please report this to the maintainers of the package that installed pynvml for you.
  import pynvml  # type: ignore[import]
=== α × Q Sweep at β = 0.5 ===
  source : mixtral-8x7b/pile-arxiv (idx 6)
  targets: chunk 8/8  -> 7 tuples
  α      : [0.0, 0.5, 1.0]
  Q      : [0.9, 0.99, 0.999]
  cells  : 9 (α × Q) per pair
  total  : 63 FGW calls
  output : /scratch/sleonard/MoE_circuits/results/circuits/alpha_beta_sweep/sweep_src06_chunk08.npz

[1/2] Building source triples at each Q ...
  Q=  0.9: built in     1.5s  n_verts=   256  θ=0.02137
  Q= 0.99: built in     0.4s  n_verts=   181  θ=0.09803
  Q=0.999: built in     0.4s  n_verts=    36  θ=0.2206

[2/2] Sweeping 7 targets × 9 (α, Q) cells ...

  [ 1/7] phi-3.5-moe/math ...
    done in 9.6s  avg_S=0.6451  (elapsed 0.2min)

  [ 2/7] phi-3.5-moe/code ...
    done in 5.6s  avg_S=0.5483  (elapsed 0.3min)

  [ 3/7] phi-3.5-moe/wikitext2 ...
    done in 4.9s  avg_S=0.7581  (elapsed 0.3min)

  [ 4/7] phi-3.5-moe/gsm8k ...
    done in 5.5s  avg_S=0.6335  (elapsed 0.4min)

  [ 5/7] phi-3.5-moe/humaneval ...
    done in 5.5s  avg_S=0.6011  (elapsed 0.5min)

  [ 6/7] phi-3.5-moe/pile-arxiv ...
    done in 6.2s  avg_S=0.7297  (elapsed 0.6min)

  [ 7/7] phi-3.5-moe/pile-github ...
    done in 6.2s  avg_S=0.6011  (elapsed 0.7min)

=== Worker done in 0.7 min ===
Saved: /scratch/sleonard/MoE_circuits/results/circuits/alpha_beta_sweep/sweep_src06_chunk08.npz
