[539] source_idx=59  chunk_idx=8
host=piora5  cpus=1
/scratch/sleonard/miniconda3/envs/megatron/lib/python3.11/site-packages/torch/cuda/__init__.py:61: FutureWarning: The pynvml package is deprecated. Please install nvidia-ml-py instead. If you did not install pynvml directly, please report this to the maintainers of the package that installed pynvml for you.
  import pynvml  # type: ignore[import]
=== α × Q Sweep at β = 0.5 ===
  source : phi-3.5-moe/wikitext2 (idx 59)
  targets: chunk 8/8  -> 7 tuples
  α      : [0.0, 0.5, 1.0]
  Q      : [0.9, 0.99, 0.999]
  cells  : 9 (α × Q) per pair
  total  : 63 FGW calls
  output : /scratch/sleonard/MoE_circuits/results/circuits/alpha_beta_sweep/sweep_src59_chunk08.npz

[1/2] Building source triples at each Q ...
  Q=  0.9: built in     3.1s  n_verts=   509  θ=0.01331
  Q= 0.99: built in     1.1s  n_verts=   441  θ=0.03834
  Q=0.999: built in     1.1s  n_verts=    87  θ=0.1537

[2/2] Sweeping 7 targets × 9 (α, Q) cells ...

  [ 1/7] phi-3.5-moe/c4 ...
    done in 31.5s  avg_S=0.9114  (elapsed 0.5min)

  [ 2/7] phi-3.5-moe/math ...
    done in 12.2s  avg_S=0.8202  (elapsed 0.7min)

  [ 3/7] phi-3.5-moe/code ...
    done in 12.0s  avg_S=0.6895  (elapsed 0.9min)

  [ 4/7] phi-3.5-moe/gsm8k ...
    done in 11.1s  avg_S=0.8279  (elapsed 1.1min)

  [ 5/7] phi-3.5-moe/humaneval ...
    done in 11.9s  avg_S=0.7559  (elapsed 1.3min)

  [ 6/7] phi-3.5-moe/pile-arxiv ...
    done in 16.1s  avg_S=0.8626  (elapsed 1.6min)

  [ 7/7] phi-3.5-moe/pile-github ...
    done in 13.7s  avg_S=0.7481  (elapsed 1.8min)

=== Worker done in 1.8 min ===
Saved: /scratch/sleonard/MoE_circuits/results/circuits/alpha_beta_sweep/sweep_src59_chunk08.npz
