[134] source_idx=14  chunk_idx=8
host=piora5  cpus=1
/scratch/sleonard/miniconda3/envs/megatron/lib/python3.11/site-packages/torch/cuda/__init__.py:61: FutureWarning: The pynvml package is deprecated. Please install nvidia-ml-py instead. If you did not install pynvml directly, please report this to the maintainers of the package that installed pynvml for you.
  import pynvml  # type: ignore[import]
=== α × Q Sweep at β = 0.5 ===
  source : mixtral-8x22b/pile-arxiv (idx 14)
  targets: chunk 8/8  -> 7 tuples
  α      : [0.0, 0.5, 1.0]
  Q      : [0.9, 0.99, 0.999]
  cells  : 9 (α × Q) per pair
  total  : 63 FGW calls
  output : /scratch/sleonard/MoE_circuits/results/circuits/alpha_beta_sweep/sweep_src14_chunk08.npz

[1/2] Building source triples at each Q ...
  Q=  0.9: built in     1.0s  n_verts=   448  θ=0.01847
  Q= 0.99: built in     0.7s  n_verts=   359  θ=0.09608
  Q=0.999: built in     0.8s  n_verts=    95  θ=0.1936

[2/2] Sweeping 7 targets × 9 (α, Q) cells ...

  [ 1/7] phi-3.5-moe/math ...
    done in 12.1s  avg_S=0.7098  (elapsed 0.2min)

  [ 2/7] phi-3.5-moe/code ...
    done in 11.8s  avg_S=0.5794  (elapsed 0.4min)

  [ 3/7] phi-3.5-moe/wikitext2 ...
    done in 12.2s  avg_S=0.8373  (elapsed 0.6min)

  [ 4/7] phi-3.5-moe/gsm8k ...
    done in 10.2s  avg_S=0.7112  (elapsed 0.8min)

  [ 5/7] phi-3.5-moe/humaneval ...
    done in 16.4s  avg_S=0.6523  (elapsed 1.0min)

  [ 6/7] phi-3.5-moe/pile-arxiv ...
    done in 9.3s  avg_S=0.8106  (elapsed 1.2min)

  [ 7/7] phi-3.5-moe/pile-github ...
    done in 10.3s  avg_S=0.6367  (elapsed 1.4min)

=== Worker done in 1.4 min ===
Saved: /scratch/sleonard/MoE_circuits/results/circuits/alpha_beta_sweep/sweep_src14_chunk08.npz
