[556] source_idx=61  chunk_idx=7
host=piora5  cpus=1
/scratch/sleonard/miniconda3/envs/megatron/lib/python3.11/site-packages/torch/cuda/__init__.py:61: FutureWarning: The pynvml package is deprecated. Please install nvidia-ml-py instead. If you did not install pynvml directly, please report this to the maintainers of the package that installed pynvml for you.
  import pynvml  # type: ignore[import]
=== α × Q Sweep at β = 0.5 ===
  source : phi-3.5-moe/humaneval (idx 61)
  targets: chunk 7/8  -> 7 tuples
  α      : [0.0, 0.5, 1.0]
  Q      : [0.9, 0.99, 0.999]
  cells  : 9 (α × Q) per pair
  total  : 63 FGW calls
  output : /scratch/sleonard/MoE_circuits/results/circuits/alpha_beta_sweep/sweep_src61_chunk07.npz

[1/2] Building source triples at each Q ...
  Q=  0.9: built in     1.3s  n_verts=   508  θ=0.02222
  Q= 0.99: built in     0.7s  n_verts=   319  θ=0.07143
  Q=0.999: built in     0.7s  n_verts=    67  θ=0.2362

[2/2] Sweeping 7 targets × 9 (α, Q) cells ...

  [ 1/7] olmoe/math ...
    done in 39.7s  avg_S=0.7189  (elapsed 0.7min)

  [ 2/7] olmoe/code ...
    done in 54.6s  avg_S=0.6502  (elapsed 1.6min)

  [ 3/7] olmoe/wikitext2 ...
    done in 30.6s  avg_S=0.7275  (elapsed 2.1min)

  [ 4/7] olmoe/gsm8k ...
    done in 31.3s  avg_S=0.7701  (elapsed 2.6min)

  [ 5/7] olmoe/humaneval ...
    done in 36.4s  avg_S=0.6397  (elapsed 3.2min)

  [ 6/7] olmoe/pile-arxiv ...
    done in 42.0s  avg_S=0.7837  (elapsed 3.9min)

  [ 7/7] olmoe/pile-github ...
    done in 27.4s  avg_S=0.6577  (elapsed 4.4min)

=== Worker done in 4.4 min ===
Saved: /scratch/sleonard/MoE_circuits/results/circuits/alpha_beta_sweep/sweep_src61_chunk07.npz
