[52] source_idx=5  chunk_idx=7
host=piora5  cpus=1
/scratch/sleonard/miniconda3/envs/megatron/lib/python3.11/site-packages/torch/cuda/__init__.py:61: FutureWarning: The pynvml package is deprecated. Please install nvidia-ml-py instead. If you did not install pynvml directly, please report this to the maintainers of the package that installed pynvml for you.
  import pynvml  # type: ignore[import]
=== α × Q Sweep at β = 0.5 ===
  source : mixtral-8x7b/humaneval (idx 5)
  targets: chunk 7/8  -> 7 tuples
  α      : [0.0, 0.5, 1.0]
  Q      : [0.9, 0.99, 0.999]
  cells  : 9 (α × Q) per pair
  total  : 63 FGW calls
  output : /scratch/sleonard/MoE_circuits/results/circuits/alpha_beta_sweep/sweep_src05_chunk07.npz

[1/2] Building source triples at each Q ...
  Q=  0.9: built in     1.5s  n_verts=   255  θ=0.02474
  Q= 0.99: built in     0.4s  n_verts=   181  θ=0.09694
  Q=0.999: built in     0.4s  n_verts=    31  θ=0.2644

[2/2] Sweeping 7 targets × 9 (α, Q) cells ...

  [ 1/7] olmoe/code ...
    done in 20.1s  avg_S=0.4463  (elapsed 0.3min)

  [ 2/7] olmoe/wikitext2 ...
    done in 14.5s  avg_S=0.6980  (elapsed 0.6min)

  [ 3/7] olmoe/gsm8k ...
    done in 15.8s  avg_S=0.6760  (elapsed 0.8min)

  [ 4/7] olmoe/humaneval ...
    done in 16.0s  avg_S=0.4192  (elapsed 1.1min)

  [ 5/7] olmoe/pile-arxiv ...
    done in 16.9s  avg_S=0.6125  (elapsed 1.4min)

  [ 6/7] olmoe/pile-github ...
    done in 14.0s  avg_S=0.4471  (elapsed 1.6min)

  [ 7/7] phi-3.5-moe/c4 ...
    done in 5.9s  avg_S=0.7973  (elapsed 1.7min)

=== Worker done in 1.7 min ===
Saved: /scratch/sleonard/MoE_circuits/results/circuits/alpha_beta_sweep/sweep_src05_chunk07.npz
