[559] source_idx=62  chunk_idx=1
host=piora5  cpus=1
/scratch/sleonard/miniconda3/envs/megatron/lib/python3.11/site-packages/torch/cuda/__init__.py:61: FutureWarning: The pynvml package is deprecated. Please install nvidia-ml-py instead. If you did not install pynvml directly, please report this to the maintainers of the package that installed pynvml for you.
  import pynvml  # type: ignore[import]
=== α × Q Sweep at β = 0.5 ===
  source : phi-3.5-moe/pile-arxiv (idx 62)
  targets: chunk 1/8  -> 7 tuples
  α      : [0.0, 0.5, 1.0]
  Q      : [0.9, 0.99, 0.999]
  cells  : 9 (α × Q) per pair
  total  : 63 FGW calls
  output : /scratch/sleonard/MoE_circuits/results/circuits/alpha_beta_sweep/sweep_src62_chunk01.npz

[1/2] Building source triples at each Q ...
  Q=  0.9: built in     3.2s  n_verts=   510  θ=0.01167
  Q= 0.99: built in     1.1s  n_verts=   393  θ=0.03945
  Q=0.999: built in     0.9s  n_verts=    91  θ=0.2011

[2/2] Sweeping 7 targets × 9 (α, Q) cells ...

  [ 1/7] mixtral-8x7b/pile-github ...
    done in 7.9s  avg_S=0.7242  (elapsed 0.1min)

  [ 2/7] mixtral-8x22b/c4 ...
    done in 9.3s  avg_S=0.7853  (elapsed 0.3min)

  [ 3/7] mixtral-8x22b/math ...
    done in 11.4s  avg_S=0.8185  (elapsed 0.5min)

  [ 4/7] mixtral-8x22b/code ...
    done in 11.2s  avg_S=0.8355  (elapsed 0.7min)

  [ 5/7] mixtral-8x22b/wikitext2 ...
    done in 12.8s  avg_S=0.7674  (elapsed 0.9min)

  [ 6/7] mixtral-8x22b/gsm8k ...
    done in 12.0s  avg_S=0.8232  (elapsed 1.1min)

  [ 7/7] mixtral-8x22b/humaneval ...
    done in 7.7s  avg_S=0.7829  (elapsed 1.2min)

=== Worker done in 1.2 min ===
Saved: /scratch/sleonard/MoE_circuits/results/circuits/alpha_beta_sweep/sweep_src62_chunk01.npz
