[550] source_idx=61  chunk_idx=1
host=piora5  cpus=1
/scratch/sleonard/miniconda3/envs/megatron/lib/python3.11/site-packages/torch/cuda/__init__.py:61: FutureWarning: The pynvml package is deprecated. Please install nvidia-ml-py instead. If you did not install pynvml directly, please report this to the maintainers of the package that installed pynvml for you.
  import pynvml  # type: ignore[import]
=== α × Q Sweep at β = 0.5 ===
  source : phi-3.5-moe/humaneval (idx 61)
  targets: chunk 1/8  -> 7 tuples
  α      : [0.0, 0.5, 1.0]
  Q      : [0.9, 0.99, 0.999]
  cells  : 9 (α × Q) per pair
  total  : 63 FGW calls
  output : /scratch/sleonard/MoE_circuits/results/circuits/alpha_beta_sweep/sweep_src61_chunk01.npz

[1/2] Building source triples at each Q ...
  Q=  0.9: built in     3.2s  n_verts=   508  θ=0.02222
  Q= 0.99: built in     0.8s  n_verts=   319  θ=0.07143
  Q=0.999: built in     1.1s  n_verts=    67  θ=0.2362

[2/2] Sweeping 7 targets × 9 (α, Q) cells ...

  [ 1/7] mixtral-8x7b/pile-github ...
    done in 11.4s  avg_S=0.6030  (elapsed 0.2min)

  [ 2/7] mixtral-8x22b/c4 ...
    done in 18.6s  avg_S=0.6198  (elapsed 0.5min)

  [ 3/7] mixtral-8x22b/math ...
    done in 19.2s  avg_S=0.6449  (elapsed 0.8min)

  [ 4/7] mixtral-8x22b/code ...
    done in 12.1s  avg_S=0.6883  (elapsed 1.0min)

  [ 5/7] mixtral-8x22b/wikitext2 ...
    done in 11.5s  avg_S=0.5886  (elapsed 1.2min)

  [ 6/7] mixtral-8x22b/gsm8k ...
    done in 14.7s  avg_S=0.6583  (elapsed 1.5min)

  [ 7/7] mixtral-8x22b/humaneval ...
    done in 11.1s  avg_S=0.7016  (elapsed 1.6min)

=== Worker done in 1.6 min ===
Saved: /scratch/sleonard/MoE_circuits/results/circuits/alpha_beta_sweep/sweep_src61_chunk01.npz
