[565] source_idx=62  chunk_idx=7
host=piora5  cpus=1
/scratch/sleonard/miniconda3/envs/megatron/lib/python3.11/site-packages/torch/cuda/__init__.py:61: FutureWarning: The pynvml package is deprecated. Please install nvidia-ml-py instead. If you did not install pynvml directly, please report this to the maintainers of the package that installed pynvml for you.
  import pynvml  # type: ignore[import]
=== α × Q Sweep at β = 0.5 ===
  source : phi-3.5-moe/pile-arxiv (idx 62)
  targets: chunk 7/8  -> 7 tuples
  α      : [0.0, 0.5, 1.0]
  Q      : [0.9, 0.99, 0.999]
  cells  : 9 (α × Q) per pair
  total  : 63 FGW calls
  output : /scratch/sleonard/MoE_circuits/results/circuits/alpha_beta_sweep/sweep_src62_chunk07.npz

[1/2] Building source triples at each Q ...
  Q=  0.9: built in     4.2s  n_verts=   510  θ=0.01167
  Q= 0.99: built in     1.1s  n_verts=   393  θ=0.03945
  Q=0.999: built in     0.9s  n_verts=    91  θ=0.2011

[2/2] Sweeping 7 targets × 9 (α, Q) cells ...

  [ 1/7] olmoe/math ...
    done in 36.4s  avg_S=0.6866  (elapsed 0.6min)

  [ 2/7] olmoe/code ...
    done in 37.9s  avg_S=0.5706  (elapsed 1.2min)

  [ 3/7] olmoe/wikitext2 ...
    done in 35.4s  avg_S=0.8207  (elapsed 1.8min)

  [ 4/7] olmoe/gsm8k ...
    done in 72.6s  avg_S=0.8046  (elapsed 3.0min)

  [ 5/7] olmoe/humaneval ...
    done in 47.4s  avg_S=0.5129  (elapsed 3.8min)

  [ 6/7] olmoe/pile-arxiv ...
    done in 52.6s  avg_S=0.7954  (elapsed 4.7min)

  [ 7/7] olmoe/pile-github ...
    done in 45.9s  avg_S=0.5651  (elapsed 5.5min)

=== Worker done in 5.5 min ===
Saved: /scratch/sleonard/MoE_circuits/results/circuits/alpha_beta_sweep/sweep_src62_chunk07.npz
