[79] source_idx=8  chunk_idx=7
host=piora5  cpus=1
/scratch/sleonard/miniconda3/envs/megatron/lib/python3.11/site-packages/torch/cuda/__init__.py:61: FutureWarning: The pynvml package is deprecated. Please install nvidia-ml-py instead. If you did not install pynvml directly, please report this to the maintainers of the package that installed pynvml for you.
  import pynvml  # type: ignore[import]
=== α × Q Sweep at β = 0.5 ===
  source : mixtral-8x22b/c4 (idx 8)
  targets: chunk 7/8  -> 7 tuples
  α      : [0.0, 0.5, 1.0]
  Q      : [0.9, 0.99, 0.999]
  cells  : 9 (α × Q) per pair
  total  : 63 FGW calls
  output : /scratch/sleonard/MoE_circuits/results/circuits/alpha_beta_sweep/sweep_src08_chunk07.npz

[1/2] Building source triples at each Q ...
  Q=  0.9: built in     1.4s  n_verts=   448  θ=0.01879
  Q= 0.99: built in     0.6s  n_verts=   368  θ=0.0426
  Q=0.999: built in     0.7s  n_verts=    90  θ=0.1457

[2/2] Sweeping 7 targets × 9 (α, Q) cells ...

  [ 1/7] olmoe/code ...
    done in 33.5s  avg_S=0.4440  (elapsed 0.6min)

  [ 2/7] olmoe/wikitext2 ...
    done in 31.2s  avg_S=0.7263  (elapsed 1.1min)

  [ 3/7] olmoe/gsm8k ...
    done in 27.3s  avg_S=0.6784  (elapsed 1.5min)

  [ 4/7] olmoe/humaneval ...
    done in 30.1s  avg_S=0.4078  (elapsed 2.0min)

  [ 5/7] olmoe/pile-arxiv ...
    done in 44.2s  avg_S=0.6251  (elapsed 2.8min)

  [ 6/7] olmoe/pile-github ...
    done in 29.3s  avg_S=0.4411  (elapsed 3.3min)

  [ 7/7] phi-3.5-moe/c4 ...
    done in 10.1s  avg_S=0.8515  (elapsed 3.4min)

=== Worker done in 3.4 min ===
Saved: /scratch/sleonard/MoE_circuits/results/circuits/alpha_beta_sweep/sweep_src08_chunk07.npz
