[124] source_idx=13  chunk_idx=7
host=piora5  cpus=1
/scratch/sleonard/miniconda3/envs/megatron/lib/python3.11/site-packages/torch/cuda/__init__.py:61: FutureWarning: The pynvml package is deprecated. Please install nvidia-ml-py instead. If you did not install pynvml directly, please report this to the maintainers of the package that installed pynvml for you.
  import pynvml  # type: ignore[import]
=== α × Q Sweep at β = 0.5 ===
  source : mixtral-8x22b/humaneval (idx 13)
  targets: chunk 7/8  -> 7 tuples
  α      : [0.0, 0.5, 1.0]
  Q      : [0.9, 0.99, 0.999]
  cells  : 9 (α × Q) per pair
  total  : 63 FGW calls
  output : /scratch/sleonard/MoE_circuits/results/circuits/alpha_beta_sweep/sweep_src13_chunk07.npz

[1/2] Building source triples at each Q ...
  Q=  0.9: built in     1.5s  n_verts=   448  θ=0.02087
  Q= 0.99: built in     0.6s  n_verts=   331  θ=0.09112
  Q=0.999: built in     0.6s  n_verts=    75  θ=0.2092

[2/2] Sweeping 7 targets × 9 (α, Q) cells ...

  [ 1/7] olmoe/code ...
    done in 24.9s  avg_S=0.4658  (elapsed 0.4min)

  [ 2/7] olmoe/wikitext2 ...
    done in 30.6s  avg_S=0.7373  (elapsed 0.9min)

  [ 3/7] olmoe/gsm8k ...
    done in 25.0s  avg_S=0.7089  (elapsed 1.3min)

  [ 4/7] olmoe/humaneval ...
    done in 38.8s  avg_S=0.4413  (elapsed 2.0min)

  [ 5/7] olmoe/pile-arxiv ...
    done in 26.5s  avg_S=0.6487  (elapsed 2.4min)

  [ 6/7] olmoe/pile-github ...
    done in 34.8s  avg_S=0.4683  (elapsed 3.0min)

  [ 7/7] phi-3.5-moe/c4 ...
    done in 9.7s  avg_S=0.8284  (elapsed 3.2min)

=== Worker done in 3.2 min ===
Saved: /scratch/sleonard/MoE_circuits/results/circuits/alpha_beta_sweep/sweep_src13_chunk07.npz
