[547] source_idx=60  chunk_idx=7
host=piora5  cpus=1
/scratch/sleonard/miniconda3/envs/megatron/lib/python3.11/site-packages/torch/cuda/__init__.py:61: FutureWarning: The pynvml package is deprecated. Please install nvidia-ml-py instead. If you did not install pynvml directly, please report this to the maintainers of the package that installed pynvml for you.
  import pynvml  # type: ignore[import]
=== α × Q Sweep at β = 0.5 ===
  source : phi-3.5-moe/gsm8k (idx 60)
  targets: chunk 7/8  -> 7 tuples
  α      : [0.0, 0.5, 1.0]
  Q      : [0.9, 0.99, 0.999]
  cells  : 9 (α × Q) per pair
  total  : 63 FGW calls
  output : /scratch/sleonard/MoE_circuits/results/circuits/alpha_beta_sweep/sweep_src60_chunk07.npz

[1/2] Building source triples at each Q ...
  Q=  0.9: built in     1.9s  n_verts=   508  θ=0.01425
  Q= 0.99: built in     0.9s  n_verts=   420  θ=0.04287
  Q=0.999: built in     0.9s  n_verts=    89  θ=0.1577

[2/2] Sweeping 7 targets × 9 (α, Q) cells ...

  [ 1/7] olmoe/math ...
    done in 43.8s  avg_S=0.7409  (elapsed 0.7min)

  [ 2/7] olmoe/code ...
    done in 35.4s  avg_S=0.6044  (elapsed 1.3min)

  [ 3/7] olmoe/wikitext2 ...
    done in 42.3s  avg_S=0.8010  (elapsed 2.0min)

  [ 4/7] olmoe/gsm8k ...
    done in 39.6s  avg_S=0.8296  (elapsed 2.7min)

  [ 5/7] olmoe/humaneval ...
    done in 31.5s  avg_S=0.5718  (elapsed 3.2min)

  [ 6/7] olmoe/pile-arxiv ...
    done in 45.5s  avg_S=0.8188  (elapsed 4.0min)

  [ 7/7] olmoe/pile-github ...
    done in 28.0s  avg_S=0.6029  (elapsed 4.4min)

=== Worker done in 4.4 min ===
Saved: /scratch/sleonard/MoE_circuits/results/circuits/alpha_beta_sweep/sweep_src60_chunk07.npz
