[46] source_idx=5  chunk_idx=1
host=piora5  cpus=1
/scratch/sleonard/miniconda3/envs/megatron/lib/python3.11/site-packages/torch/cuda/__init__.py:61: FutureWarning: The pynvml package is deprecated. Please install nvidia-ml-py instead. If you did not install pynvml directly, please report this to the maintainers of the package that installed pynvml for you.
  import pynvml  # type: ignore[import]
=== α × Q Sweep at β = 0.5 ===
  source : mixtral-8x7b/humaneval (idx 5)
  targets: chunk 1/8  -> 7 tuples
  α      : [0.0, 0.5, 1.0]
  Q      : [0.9, 0.99, 0.999]
  cells  : 9 (α × Q) per pair
  total  : 63 FGW calls
  output : /scratch/sleonard/MoE_circuits/results/circuits/alpha_beta_sweep/sweep_src05_chunk01.npz

[1/2] Building source triples at each Q ...
  Q=  0.9: built in     1.5s  n_verts=   255  θ=0.02474
  Q= 0.99: built in     0.4s  n_verts=   181  θ=0.09694
  Q=0.999: built in     0.4s  n_verts=    31  θ=0.2644

[2/2] Sweeping 7 targets × 9 (α, Q) cells ...

  [ 1/7] mixtral-8x22b/c4 ...
    done in 11.3s  avg_S=0.7864  (elapsed 0.2min)

  [ 2/7] mixtral-8x22b/math ...
    done in 4.8s  avg_S=0.7856  (elapsed 0.3min)

  [ 3/7] mixtral-8x22b/code ...
    done in 5.0s  avg_S=0.8159  (elapsed 0.4min)

  [ 4/7] mixtral-8x22b/wikitext2 ...
    done in 5.4s  avg_S=0.7554  (elapsed 0.4min)

  [ 5/7] mixtral-8x22b/gsm8k ...
    done in 5.6s  avg_S=0.7841  (elapsed 0.5min)

  [ 6/7] mixtral-8x22b/humaneval ...
    done in 6.3s  avg_S=0.8731  (elapsed 0.6min)

  [ 7/7] mixtral-8x22b/pile-arxiv ...
    done in 5.1s  avg_S=0.8070  (elapsed 0.7min)

=== Worker done in 0.7 min ===
Saved: /scratch/sleonard/MoE_circuits/results/circuits/alpha_beta_sweep/sweep_src05_chunk01.npz
