[442] source_idx=49  chunk_idx=1
host=piora5  cpus=1
/scratch/sleonard/miniconda3/envs/megatron/lib/python3.11/site-packages/torch/cuda/__init__.py:61: FutureWarning: The pynvml package is deprecated. Please install nvidia-ml-py instead. If you did not install pynvml directly, please report this to the maintainers of the package that installed pynvml for you.
  import pynvml  # type: ignore[import]
=== α × Q Sweep at β = 0.5 ===
  source : olmoe/math (idx 49)
  targets: chunk 1/8  -> 7 tuples
  α      : [0.0, 0.5, 1.0]
  Q      : [0.9, 0.99, 0.999]
  cells  : 9 (α × Q) per pair
  total  : 63 FGW calls
  output : /scratch/sleonard/MoE_circuits/results/circuits/alpha_beta_sweep/sweep_src49_chunk01.npz

[1/2] Building source triples at each Q ...
  Q=  0.9: built in     3.2s  n_verts=  1024  θ=0.009244
  Q= 0.99: built in     2.0s  n_verts=   941  θ=0.02863
  Q=0.999: built in     2.1s  n_verts=   351  θ=0.07348

[2/2] Sweeping 7 targets × 9 (α, Q) cells ...

  [ 1/7] mixtral-8x7b/pile-github ...
    done in 21.3s  avg_S=0.5052  (elapsed 0.4min)

  [ 2/7] mixtral-8x22b/c4 ...
    done in 38.7s  avg_S=0.5301  (elapsed 1.0min)

  [ 3/7] mixtral-8x22b/math ...
    done in 32.8s  avg_S=0.5696  (elapsed 1.5min)

  [ 4/7] mixtral-8x22b/code ...
    done in 31.5s  avg_S=0.5774  (elapsed 2.1min)

  [ 5/7] mixtral-8x22b/wikitext2 ...
    done in 25.2s  avg_S=0.5228  (elapsed 2.5min)

  [ 6/7] mixtral-8x22b/gsm8k ...
    done in 30.6s  avg_S=0.5766  (elapsed 3.0min)

  [ 7/7] mixtral-8x22b/humaneval ...
    done in 26.3s  avg_S=0.5621  (elapsed 3.4min)

=== Worker done in 3.4 min ===
Saved: /scratch/sleonard/MoE_circuits/results/circuits/alpha_beta_sweep/sweep_src49_chunk01.npz
