[466] source_idx=51  chunk_idx=7
host=piora5  cpus=1
/scratch/sleonard/miniconda3/envs/megatron/lib/python3.11/site-packages/torch/cuda/__init__.py:61: FutureWarning: The pynvml package is deprecated. Please install nvidia-ml-py instead. If you did not install pynvml directly, please report this to the maintainers of the package that installed pynvml for you.
  import pynvml  # type: ignore[import]
=== α × Q Sweep at β = 0.5 ===
  source : olmoe/wikitext2 (idx 51)
  targets: chunk 7/8  -> 7 tuples
  α      : [0.0, 0.5, 1.0]
  Q      : [0.9, 0.99, 0.999]
  cells  : 9 (α × Q) per pair
  total  : 63 FGW calls
  output : /scratch/sleonard/MoE_circuits/results/circuits/alpha_beta_sweep/sweep_src51_chunk07.npz

[1/2] Building source triples at each Q ...
  Q=  0.9: built in     3.4s  n_verts=  1023  θ=0.01006
  Q= 0.99: built in     2.0s  n_verts=   960  θ=0.02835
  Q=0.999: built in     2.1s  n_verts=   308  θ=0.08788

[2/2] Sweeping 7 targets × 9 (α, Q) cells ...

  [ 1/7] olmoe/math ...
    done in 77.8s  avg_S=0.7386  (elapsed 1.3min)

  [ 2/7] olmoe/code ...
    done in 117.9s  avg_S=0.5843  (elapsed 3.3min)

  [ 3/7] olmoe/gsm8k ...
    done in 88.7s  avg_S=0.9079  (elapsed 4.7min)

  [ 4/7] olmoe/humaneval ...
    done in 197.7s  avg_S=0.5215  (elapsed 8.0min)

  [ 5/7] olmoe/pile-arxiv ...
    done in 106.7s  avg_S=0.8481  (elapsed 9.8min)

  [ 6/7] olmoe/pile-github ...
    done in 136.6s  avg_S=0.5746  (elapsed 12.1min)

  [ 7/7] phi-3.5-moe/c4 ...
    done in 49.8s  avg_S=0.7948  (elapsed 12.9min)

=== Worker done in 12.9 min ===
Saved: /scratch/sleonard/MoE_circuits/results/circuits/alpha_beta_sweep/sweep_src51_chunk07.npz
