[502] source_idx=55  chunk_idx=7
host=piora5  cpus=1
/scratch/sleonard/miniconda3/envs/megatron/lib/python3.11/site-packages/torch/cuda/__init__.py:61: FutureWarning: The pynvml package is deprecated. Please install nvidia-ml-py instead. If you did not install pynvml directly, please report this to the maintainers of the package that installed pynvml for you.
  import pynvml  # type: ignore[import]
=== α × Q Sweep at β = 0.5 ===
  source : olmoe/pile-github (idx 55)
  targets: chunk 7/8  -> 7 tuples
  α      : [0.0, 0.5, 1.0]
  Q      : [0.9, 0.99, 0.999]
  cells  : 9 (α × Q) per pair
  total  : 63 FGW calls
  output : /scratch/sleonard/MoE_circuits/results/circuits/alpha_beta_sweep/sweep_src55_chunk07.npz

[1/2] Building source triples at each Q ...
  Q=  0.9: built in     2.7s  n_verts=  1022  θ=0.01155
  Q= 0.99: built in     1.9s  n_verts=   882  θ=0.03299
  Q=0.999: built in     1.9s  n_verts=   273  θ=0.08068

[2/2] Sweeping 7 targets × 9 (α, Q) cells ...

  [ 1/7] olmoe/math ...
    done in 92.2s  avg_S=0.8089  (elapsed 1.5min)

  [ 2/7] olmoe/code ...
    done in 60.5s  avg_S=0.9357  (elapsed 2.5min)

  [ 3/7] olmoe/wikitext2 ...
    done in 173.2s  avg_S=0.5746  (elapsed 5.4min)

  [ 4/7] olmoe/gsm8k ...
    done in 97.9s  avg_S=0.6187  (elapsed 7.1min)

  [ 5/7] olmoe/humaneval ...
    done in 97.4s  avg_S=0.8072  (elapsed 8.7min)

  [ 6/7] olmoe/pile-arxiv ...
    done in 93.2s  avg_S=0.7165  (elapsed 10.2min)

  [ 7/7] phi-3.5-moe/c4 ...
    done in 34.8s  avg_S=0.5054  (elapsed 10.8min)

=== Worker done in 10.8 min ===
Saved: /scratch/sleonard/MoE_circuits/results/circuits/alpha_beta_sweep/sweep_src55_chunk07.npz
