[478] source_idx=53  chunk_idx=1
host=piora5  cpus=1
/scratch/sleonard/miniconda3/envs/megatron/lib/python3.11/site-packages/torch/cuda/__init__.py:61: FutureWarning: The pynvml package is deprecated. Please install nvidia-ml-py instead. If you did not install pynvml directly, please report this to the maintainers of the package that installed pynvml for you.
  import pynvml  # type: ignore[import]
=== α × Q Sweep at β = 0.5 ===
  source : olmoe/humaneval (idx 53)
  targets: chunk 1/8  -> 7 tuples
  α      : [0.0, 0.5, 1.0]
  Q      : [0.9, 0.99, 0.999]
  cells  : 9 (α × Q) per pair
  total  : 63 FGW calls
  output : /scratch/sleonard/MoE_circuits/results/circuits/alpha_beta_sweep/sweep_src53_chunk01.npz

[1/2] Building source triples at each Q ...
  Q=  0.9: built in     2.3s  n_verts=  1012  θ=0.01925
  Q= 0.99: built in     1.8s  n_verts=   754  θ=0.06842
  Q=0.999: built in     1.7s  n_verts=   165  θ=0.1931

[2/2] Sweeping 7 targets × 9 (α, Q) cells ...

  [ 1/7] mixtral-8x7b/pile-github ...
    done in 26.4s  avg_S=0.3942  (elapsed 0.4min)

  [ 2/7] mixtral-8x22b/c4 ...
    done in 39.7s  avg_S=0.4079  (elapsed 1.1min)

  [ 3/7] mixtral-8x22b/math ...
    done in 49.0s  avg_S=0.4285  (elapsed 1.9min)

  [ 4/7] mixtral-8x22b/code ...
    done in 24.0s  avg_S=0.4410  (elapsed 2.3min)

  [ 5/7] mixtral-8x22b/wikitext2 ...
    done in 29.3s  avg_S=0.4037  (elapsed 2.8min)

  [ 6/7] mixtral-8x22b/gsm8k ...
    done in 33.2s  avg_S=0.4338  (elapsed 3.4min)

  [ 7/7] mixtral-8x22b/humaneval ...
    done in 45.6s  avg_S=0.4413  (elapsed 4.1min)

=== Worker done in 4.1 min ===
Saved: /scratch/sleonard/MoE_circuits/results/circuits/alpha_beta_sweep/sweep_src53_chunk01.npz
