[486] source_idx=54  chunk_idx=0
host=piora5  cpus=1
/scratch/sleonard/miniconda3/envs/megatron/lib/python3.11/site-packages/torch/cuda/__init__.py:61: FutureWarning: The pynvml package is deprecated. Please install nvidia-ml-py instead. If you did not install pynvml directly, please report this to the maintainers of the package that installed pynvml for you.
  import pynvml  # type: ignore[import]
=== α × Q Sweep at β = 0.5 ===
  source : olmoe/pile-arxiv (idx 54)
  targets: chunk 0/8  -> 7 tuples
  α      : [0.0, 0.5, 1.0]
  Q      : [0.9, 0.99, 0.999]
  cells  : 9 (α × Q) per pair
  total  : 63 FGW calls
  output : /scratch/sleonard/MoE_circuits/results/circuits/alpha_beta_sweep/sweep_src54_chunk00.npz

[1/2] Building source triples at each Q ...
  Q=  0.9: built in     2.8s  n_verts=  1024  θ=0.01019
  Q= 0.99: built in     2.0s  n_verts=   860  θ=0.03352
  Q=0.999: built in     2.4s  n_verts=   255  θ=0.1548

[2/2] Sweeping 7 targets × 9 (α, Q) cells ...

  [ 1/7] mixtral-8x7b/c4 ...
    done in 14.9s  avg_S=0.5778  (elapsed 0.2min)

  [ 2/7] mixtral-8x7b/math ...
    done in 12.9s  avg_S=0.5850  (elapsed 0.5min)

  [ 3/7] mixtral-8x7b/code ...
    done in 14.3s  avg_S=0.5958  (elapsed 0.7min)

  [ 4/7] mixtral-8x7b/wikitext2 ...
    done in 25.5s  avg_S=0.5749  (elapsed 1.1min)

  [ 5/7] mixtral-8x7b/gsm8k ...
    done in 12.8s  avg_S=0.6013  (elapsed 1.3min)

  [ 6/7] mixtral-8x7b/humaneval ...
    done in 15.0s  avg_S=0.6125  (elapsed 1.6min)

  [ 7/7] mixtral-8x7b/pile-arxiv ...
    done in 12.5s  avg_S=0.5878  (elapsed 1.8min)

=== Worker done in 1.8 min ===
Saved: /scratch/sleonard/MoE_circuits/results/circuits/alpha_beta_sweep/sweep_src54_chunk00.npz
