[73] source_idx=8  chunk_idx=1
host=piora5  cpus=1
/scratch/sleonard/miniconda3/envs/megatron/lib/python3.11/site-packages/torch/cuda/__init__.py:61: FutureWarning: The pynvml package is deprecated. Please install nvidia-ml-py instead. If you did not install pynvml directly, please report this to the maintainers of the package that installed pynvml for you.
  import pynvml  # type: ignore[import]
=== α × Q Sweep at β = 0.5 ===
  source : mixtral-8x22b/c4 (idx 8)
  targets: chunk 1/8  -> 7 tuples
  α      : [0.0, 0.5, 1.0]
  Q      : [0.9, 0.99, 0.999]
  cells  : 9 (α × Q) per pair
  total  : 63 FGW calls
  output : /scratch/sleonard/MoE_circuits/results/circuits/alpha_beta_sweep/sweep_src08_chunk01.npz

[1/2] Building source triples at each Q ...
  Q=  0.9: built in     1.4s  n_verts=   448  θ=0.01879
  Q= 0.99: built in     0.6s  n_verts=   368  θ=0.0426
  Q=0.999: built in     0.7s  n_verts=    90  θ=0.1457

[2/2] Sweeping 7 targets × 9 (α, Q) cells ...

  [ 1/7] mixtral-8x7b/pile-github ...
    done in 9.1s  avg_S=0.8088  (elapsed 0.2min)

  [ 2/7] mixtral-8x22b/math ...
    done in 7.9s  avg_S=0.9119  (elapsed 0.3min)

  [ 3/7] mixtral-8x22b/code ...
    done in 8.3s  avg_S=0.8959  (elapsed 0.4min)

  [ 4/7] mixtral-8x22b/wikitext2 ...
    done in 10.8s  avg_S=0.8803  (elapsed 0.6min)

  [ 5/7] mixtral-8x22b/gsm8k ...
    done in 7.8s  avg_S=0.8901  (elapsed 0.7min)

  [ 6/7] mixtral-8x22b/humaneval ...
    done in 7.6s  avg_S=0.8326  (elapsed 0.9min)

  [ 7/7] mixtral-8x22b/pile-arxiv ...
    done in 9.1s  avg_S=0.9079  (elapsed 1.0min)

=== Worker done in 1.0 min ===
Saved: /scratch/sleonard/MoE_circuits/results/circuits/alpha_beta_sweep/sweep_src08_chunk01.npz
