[520] source_idx=57  chunk_idx=7
host=piora5  cpus=1
/scratch/sleonard/miniconda3/envs/megatron/lib/python3.11/site-packages/torch/cuda/__init__.py:61: FutureWarning: The pynvml package is deprecated. Please install nvidia-ml-py instead. If you did not install pynvml directly, please report this to the maintainers of the package that installed pynvml for you.
  import pynvml  # type: ignore[import]
=== α × Q Sweep at β = 0.5 ===
  source : phi-3.5-moe/math (idx 57)
  targets: chunk 7/8  -> 7 tuples
  α      : [0.0, 0.5, 1.0]
  Q      : [0.9, 0.99, 0.999]
  cells  : 9 (α × Q) per pair
  total  : 63 FGW calls
  output : /scratch/sleonard/MoE_circuits/results/circuits/alpha_beta_sweep/sweep_src57_chunk07.npz

[1/2] Building source triples at each Q ...
  Q=  0.9: built in     1.5s  n_verts=   511  θ=0.0111
  Q= 0.99: built in     1.0s  n_verts=   441  θ=0.03324
  Q=0.999: built in     1.0s  n_verts=    89  θ=0.0892

[2/2] Sweeping 7 targets × 9 (α, Q) cells ...

  [ 1/7] olmoe/math ...
    done in 40.2s  avg_S=0.7713  (elapsed 0.7min)

  [ 2/7] olmoe/code ...
    done in 39.8s  avg_S=0.6457  (elapsed 1.3min)

  [ 3/7] olmoe/wikitext2 ...
    done in 46.0s  avg_S=0.7969  (elapsed 2.1min)

  [ 4/7] olmoe/gsm8k ...
    done in 56.2s  avg_S=0.8167  (elapsed 3.0min)

  [ 5/7] olmoe/humaneval ...
    done in 41.3s  avg_S=0.6024  (elapsed 3.7min)

  [ 6/7] olmoe/pile-arxiv ...
    done in 38.6s  avg_S=0.8404  (elapsed 4.4min)

  [ 7/7] olmoe/pile-github ...
    done in 37.2s  avg_S=0.6433  (elapsed 5.0min)

=== Worker done in 5.0 min ===
Saved: /scratch/sleonard/MoE_circuits/results/circuits/alpha_beta_sweep/sweep_src57_chunk07.npz
