[88] source_idx=9  chunk_idx=7
host=piora5  cpus=1
/scratch/sleonard/miniconda3/envs/megatron/lib/python3.11/site-packages/torch/cuda/__init__.py:61: FutureWarning: The pynvml package is deprecated. Please install nvidia-ml-py instead. If you did not install pynvml directly, please report this to the maintainers of the package that installed pynvml for you.
  import pynvml  # type: ignore[import]
=== α × Q Sweep at β = 0.5 ===
  source : mixtral-8x22b/math (idx 9)
  targets: chunk 7/8  -> 7 tuples
  α      : [0.0, 0.5, 1.0]
  Q      : [0.9, 0.99, 0.999]
  cells  : 9 (α × Q) per pair
  total  : 63 FGW calls
  output : /scratch/sleonard/MoE_circuits/results/circuits/alpha_beta_sweep/sweep_src09_chunk07.npz

[1/2] Building source triples at each Q ...
  Q=  0.9: built in     1.3s  n_verts=   448  θ=0.01929
  Q= 0.99: built in     0.7s  n_verts=   370  θ=0.05069
  Q=0.999: built in     0.7s  n_verts=    96  θ=0.1803

[2/2] Sweeping 7 targets × 9 (α, Q) cells ...

  [ 1/7] olmoe/code ...
    done in 25.4s  avg_S=0.4751  (elapsed 0.4min)

  [ 2/7] olmoe/wikitext2 ...
    done in 33.1s  avg_S=0.7646  (elapsed 1.0min)

  [ 3/7] olmoe/gsm8k ...
    done in 26.7s  avg_S=0.7263  (elapsed 1.4min)

  [ 4/7] olmoe/humaneval ...
    done in 43.1s  avg_S=0.4286  (elapsed 2.1min)

  [ 5/7] olmoe/pile-arxiv ...
    done in 44.1s  avg_S=0.6749  (elapsed 2.9min)

  [ 6/7] olmoe/pile-github ...
    done in 39.5s  avg_S=0.4726  (elapsed 3.5min)

  [ 7/7] phi-3.5-moe/c4 ...
    done in 12.5s  avg_S=0.8664  (elapsed 3.7min)

=== Worker done in 3.7 min ===
Saved: /scratch/sleonard/MoE_circuits/results/circuits/alpha_beta_sweep/sweep_src09_chunk07.npz
