[548] source_idx=60  chunk_idx=8
host=piora5  cpus=1
/scratch/sleonard/miniconda3/envs/megatron/lib/python3.11/site-packages/torch/cuda/__init__.py:61: FutureWarning: The pynvml package is deprecated. Please install nvidia-ml-py instead. If you did not install pynvml directly, please report this to the maintainers of the package that installed pynvml for you.
  import pynvml  # type: ignore[import]
=== α × Q Sweep at β = 0.5 ===
  source : phi-3.5-moe/gsm8k (idx 60)
  targets: chunk 8/8  -> 7 tuples
  α      : [0.0, 0.5, 1.0]
  Q      : [0.9, 0.99, 0.999]
  cells  : 9 (α × Q) per pair
  total  : 63 FGW calls
  output : /scratch/sleonard/MoE_circuits/results/circuits/alpha_beta_sweep/sweep_src60_chunk08.npz

[1/2] Building source triples at each Q ...
  Q=  0.9: built in     2.5s  n_verts=   508  θ=0.01425
  Q= 0.99: built in     0.9s  n_verts=   420  θ=0.04287
  Q=0.999: built in     0.9s  n_verts=    89  θ=0.1577

[2/2] Sweeping 7 targets × 9 (α, Q) cells ...

  [ 1/7] phi-3.5-moe/c4 ...
    done in 30.3s  avg_S=0.7974  (elapsed 0.5min)

  [ 2/7] phi-3.5-moe/math ...
    done in 12.1s  avg_S=0.8865  (elapsed 0.7min)

  [ 3/7] phi-3.5-moe/code ...
    done in 13.1s  avg_S=0.7550  (elapsed 0.9min)

  [ 4/7] phi-3.5-moe/wikitext2 ...
    done in 9.7s  avg_S=0.8279  (elapsed 1.1min)

  [ 5/7] phi-3.5-moe/humaneval ...
    done in 12.0s  avg_S=0.8274  (elapsed 1.3min)

  [ 6/7] phi-3.5-moe/pile-arxiv ...
    done in 12.0s  avg_S=0.8273  (elapsed 1.5min)

  [ 7/7] phi-3.5-moe/pile-github ...
    done in 12.0s  avg_S=0.8006  (elapsed 1.7min)

=== Worker done in 1.7 min ===
Saved: /scratch/sleonard/MoE_circuits/results/circuits/alpha_beta_sweep/sweep_src60_chunk08.npz
