[495] source_idx=55  chunk_idx=0
host=piora5  cpus=1
/scratch/sleonard/miniconda3/envs/megatron/lib/python3.11/site-packages/torch/cuda/__init__.py:61: FutureWarning: The pynvml package is deprecated. Please install nvidia-ml-py instead. If you did not install pynvml directly, please report this to the maintainers of the package that installed pynvml for you.
  import pynvml  # type: ignore[import]
=== α × Q Sweep at β = 0.5 ===
  source : olmoe/pile-github (idx 55)
  targets: chunk 0/8  -> 7 tuples
  α      : [0.0, 0.5, 1.0]
  Q      : [0.9, 0.99, 0.999]
  cells  : 9 (α × Q) per pair
  total  : 63 FGW calls
  output : /scratch/sleonard/MoE_circuits/results/circuits/alpha_beta_sweep/sweep_src55_chunk00.npz

[1/2] Building source triples at each Q ...
  Q=  0.9: built in     2.6s  n_verts=  1022  θ=0.01155
  Q= 0.99: built in     2.0s  n_verts=   882  θ=0.03299
  Q=0.999: built in     1.9s  n_verts=   273  θ=0.08068

[2/2] Sweeping 7 targets × 9 (α, Q) cells ...

  [ 1/7] mixtral-8x7b/c4 ...
    done in 14.4s  avg_S=0.4217  (elapsed 0.2min)

  [ 2/7] mixtral-8x7b/math ...
    done in 11.6s  avg_S=0.4305  (elapsed 0.4min)

  [ 3/7] mixtral-8x7b/code ...
    done in 15.2s  avg_S=0.4356  (elapsed 0.7min)

  [ 4/7] mixtral-8x7b/wikitext2 ...
    done in 19.8s  avg_S=0.4220  (elapsed 1.0min)

  [ 5/7] mixtral-8x7b/gsm8k ...
    done in 13.9s  avg_S=0.4407  (elapsed 1.2min)

  [ 6/7] mixtral-8x7b/humaneval ...
    done in 14.6s  avg_S=0.4471  (elapsed 1.5min)

  [ 7/7] mixtral-8x7b/pile-arxiv ...
    done in 18.2s  avg_S=0.4286  (elapsed 1.8min)

=== Worker done in 1.8 min ===
Saved: /scratch/sleonard/MoE_circuits/results/circuits/alpha_beta_sweep/sweep_src55_chunk00.npz
