[557] source_idx=61  chunk_idx=8
host=piora5  cpus=1
/scratch/sleonard/miniconda3/envs/megatron/lib/python3.11/site-packages/torch/cuda/__init__.py:61: FutureWarning: The pynvml package is deprecated. Please install nvidia-ml-py instead. If you did not install pynvml directly, please report this to the maintainers of the package that installed pynvml for you.
  import pynvml  # type: ignore[import]
=== α × Q Sweep at β = 0.5 ===
  source : phi-3.5-moe/humaneval (idx 61)
  targets: chunk 8/8  -> 7 tuples
  α      : [0.0, 0.5, 1.0]
  Q      : [0.9, 0.99, 0.999]
  cells  : 9 (α × Q) per pair
  total  : 63 FGW calls
  output : /scratch/sleonard/MoE_circuits/results/circuits/alpha_beta_sweep/sweep_src61_chunk08.npz

[1/2] Building source triples at each Q ...
  Q=  0.9: built in     1.4s  n_verts=   508  θ=0.02222
  Q= 0.99: built in     0.8s  n_verts=   319  θ=0.07143
  Q=0.999: built in     0.8s  n_verts=    67  θ=0.2362

[2/2] Sweeping 7 targets × 9 (α, Q) cells ...

  [ 1/7] phi-3.5-moe/c4 ...
    done in 14.0s  avg_S=0.7174  (elapsed 0.2min)

  [ 2/7] phi-3.5-moe/math ...
    done in 12.1s  avg_S=0.8377  (elapsed 0.4min)

  [ 3/7] phi-3.5-moe/code ...
    done in 13.2s  avg_S=0.7642  (elapsed 0.7min)

  [ 4/7] phi-3.5-moe/wikitext2 ...
    done in 9.5s  avg_S=0.7559  (elapsed 0.8min)

  [ 5/7] phi-3.5-moe/gsm8k ...
    done in 11.4s  avg_S=0.8274  (elapsed 1.0min)

  [ 6/7] phi-3.5-moe/pile-arxiv ...
    done in 15.2s  avg_S=0.7592  (elapsed 1.3min)

  [ 7/7] phi-3.5-moe/pile-github ...
    done in 10.9s  avg_S=0.8207  (elapsed 1.4min)

=== Worker done in 1.4 min ===
Saved: /scratch/sleonard/MoE_circuits/results/circuits/alpha_beta_sweep/sweep_src61_chunk08.npz
