[457] source_idx=50  chunk_idx=7
host=piora5  cpus=1
/scratch/sleonard/miniconda3/envs/megatron/lib/python3.11/site-packages/torch/cuda/__init__.py:61: FutureWarning: The pynvml package is deprecated. Please install nvidia-ml-py instead. If you did not install pynvml directly, please report this to the maintainers of the package that installed pynvml for you.
  import pynvml  # type: ignore[import]
=== α × Q Sweep at β = 0.5 ===
  source : olmoe/code (idx 50)
  targets: chunk 7/8  -> 7 tuples
  α      : [0.0, 0.5, 1.0]
  Q      : [0.9, 0.99, 0.999]
  cells  : 9 (α × Q) per pair
  total  : 63 FGW calls
  output : /scratch/sleonard/MoE_circuits/results/circuits/alpha_beta_sweep/sweep_src50_chunk07.npz

[1/2] Building source triples at each Q ...
  Q=  0.9: built in     4.9s  n_verts=  1023  θ=0.009687
  Q= 0.99: built in     2.3s  n_verts=   890  θ=0.0323
  Q=0.999: built in     2.3s  n_verts=   319  θ=0.08794

[2/2] Sweeping 7 targets × 9 (α, Q) cells ...

  [ 1/7] olmoe/math ...
    done in 78.9s  avg_S=0.8250  (elapsed 1.3min)

  [ 2/7] olmoe/wikitext2 ...
    done in 94.6s  avg_S=0.5843  (elapsed 2.9min)

  [ 3/7] olmoe/gsm8k ...
    done in 105.9s  avg_S=0.6308  (elapsed 4.7min)

  [ 4/7] olmoe/humaneval ...
    done in 107.0s  avg_S=0.8099  (elapsed 6.4min)

  [ 5/7] olmoe/pile-arxiv ...
    done in 98.8s  avg_S=0.7351  (elapsed 8.1min)

  [ 6/7] olmoe/pile-github ...
    done in 101.2s  avg_S=0.9356  (elapsed 9.8min)

  [ 7/7] phi-3.5-moe/c4 ...
    done in 44.2s  avg_S=0.5086  (elapsed 10.5min)

=== Worker done in 10.5 min ===
Saved: /scratch/sleonard/MoE_circuits/results/circuits/alpha_beta_sweep/sweep_src50_chunk07.npz
