[16] source_idx=1  chunk_idx=7
host=piora5  cpus=1
/scratch/sleonard/miniconda3/envs/megatron/lib/python3.11/site-packages/torch/cuda/__init__.py:61: FutureWarning: The pynvml package is deprecated. Please install nvidia-ml-py instead. If you did not install pynvml directly, please report this to the maintainers of the package that installed pynvml for you.
  import pynvml  # type: ignore[import]
=== α × Q Sweep at β = 0.5 ===
  source : mixtral-8x7b/math (idx 1)
  targets: chunk 7/8  -> 7 tuples
  α      : [0.0, 0.5, 1.0]
  Q      : [0.9, 0.99, 0.999]
  cells  : 9 (α × Q) per pair
  total  : 63 FGW calls
  output : /scratch/sleonard/MoE_circuits/results/circuits/alpha_beta_sweep/sweep_src01_chunk07.npz

[1/2] Building source triples at each Q ...
  Q=  0.9: built in     1.4s  n_verts=   255  θ=0.02488
  Q= 0.99: built in     0.4s  n_verts=   180  θ=0.05957
  Q=0.999: built in     0.4s  n_verts=    33  θ=0.254

[2/2] Sweeping 7 targets × 9 (α, Q) cells ...

  [ 1/7] olmoe/code ...
    done in 15.6s  avg_S=0.4306  (elapsed 0.3min)

  [ 2/7] olmoe/wikitext2 ...
    done in 17.0s  avg_S=0.6729  (elapsed 0.5min)

  [ 3/7] olmoe/gsm8k ...
    done in 13.3s  avg_S=0.6429  (elapsed 0.8min)

  [ 4/7] olmoe/humaneval ...
    done in 13.7s  avg_S=0.3969  (elapsed 1.0min)

  [ 5/7] olmoe/pile-arxiv ...
    done in 15.4s  avg_S=0.5850  (elapsed 1.2min)

  [ 6/7] olmoe/pile-github ...
    done in 15.1s  avg_S=0.4305  (elapsed 1.5min)

  [ 7/7] phi-3.5-moe/c4 ...
    done in 5.6s  avg_S=0.8077  (elapsed 1.6min)

=== Worker done in 1.6 min ===
Saved: /scratch/sleonard/MoE_circuits/results/circuits/alpha_beta_sweep/sweep_src01_chunk07.npz
