[511] source_idx=56  chunk_idx=7
host=piora5  cpus=1
/scratch/sleonard/miniconda3/envs/megatron/lib/python3.11/site-packages/torch/cuda/__init__.py:61: FutureWarning: The pynvml package is deprecated. Please install nvidia-ml-py instead. If you did not install pynvml directly, please report this to the maintainers of the package that installed pynvml for you.
  import pynvml  # type: ignore[import]
=== α × Q Sweep at β = 0.5 ===
  source : phi-3.5-moe/c4 (idx 56)
  targets: chunk 7/8  -> 7 tuples
  α      : [0.0, 0.5, 1.0]
  Q      : [0.9, 0.99, 0.999]
  cells  : 9 (α × Q) per pair
  total  : 63 FGW calls
  output : /scratch/sleonard/MoE_circuits/results/circuits/alpha_beta_sweep/sweep_src56_chunk07.npz

[1/2] Building source triples at each Q ...
  Q=  0.9: built in     2.1s  n_verts=   511  θ=0.01173
  Q= 0.99: built in     0.9s  n_verts=   440  θ=0.03211
  Q=0.999: built in     0.9s  n_verts=   101  θ=0.08945

[2/2] Sweeping 7 targets × 9 (α, Q) cells ...

  [ 1/7] olmoe/math ...
    done in 47.6s  avg_S=0.6098  (elapsed 0.8min)

  [ 2/7] olmoe/code ...
    done in 40.9s  avg_S=0.5086  (elapsed 1.5min)

  [ 3/7] olmoe/wikitext2 ...
    done in 54.3s  avg_S=0.7948  (elapsed 2.4min)

  [ 4/7] olmoe/gsm8k ...
    done in 37.2s  avg_S=0.7637  (elapsed 3.0min)

  [ 5/7] olmoe/humaneval ...
    done in 65.6s  avg_S=0.4599  (elapsed 4.1min)

  [ 6/7] olmoe/pile-arxiv ...
    done in 33.7s  avg_S=0.7227  (elapsed 4.7min)

  [ 7/7] olmoe/pile-github ...
    done in 40.0s  avg_S=0.5054  (elapsed 5.3min)

=== Worker done in 5.3 min ===
Saved: /scratch/sleonard/MoE_circuits/results/circuits/alpha_beta_sweep/sweep_src56_chunk07.npz
