[459] source_idx=51  chunk_idx=0
host=piora5  cpus=1
/scratch/sleonard/miniconda3/envs/megatron/lib/python3.11/site-packages/torch/cuda/__init__.py:61: FutureWarning: The pynvml package is deprecated. Please install nvidia-ml-py instead. If you did not install pynvml directly, please report this to the maintainers of the package that installed pynvml for you.
  import pynvml  # type: ignore[import]
=== α × Q Sweep at β = 0.5 ===
  source : olmoe/wikitext2 (idx 51)
  targets: chunk 0/8  -> 7 tuples
  α      : [0.0, 0.5, 1.0]
  Q      : [0.9, 0.99, 0.999]
  cells  : 9 (α × Q) per pair
  total  : 63 FGW calls
  output : /scratch/sleonard/MoE_circuits/results/circuits/alpha_beta_sweep/sweep_src51_chunk00.npz

[1/2] Building source triples at each Q ...
  Q=  0.9: built in     2.7s  n_verts=  1023  θ=0.01006
  Q= 0.99: built in     2.1s  n_verts=   960  θ=0.02835
  Q=0.999: built in     2.2s  n_verts=   308  θ=0.08788

[2/2] Sweeping 7 targets × 9 (α, Q) cells ...

  [ 1/7] mixtral-8x7b/c4 ...
    done in 25.4s  avg_S=0.6748  (elapsed 0.4min)

  [ 2/7] mixtral-8x7b/math ...
    done in 18.0s  avg_S=0.6729  (elapsed 0.7min)

  [ 3/7] mixtral-8x7b/code ...
    done in 17.5s  avg_S=0.6830  (elapsed 1.0min)

  [ 4/7] mixtral-8x7b/wikitext2 ...
    done in 16.8s  avg_S=0.6861  (elapsed 1.3min)

  [ 5/7] mixtral-8x7b/gsm8k ...
    done in 15.3s  avg_S=0.7118  (elapsed 1.5min)

  [ 6/7] mixtral-8x7b/humaneval ...
    done in 15.3s  avg_S=0.6980  (elapsed 1.8min)

  [ 7/7] mixtral-8x7b/pile-arxiv ...
    done in 12.6s  avg_S=0.6709  (elapsed 2.0min)

=== Worker done in 2.0 min ===
Saved: /scratch/sleonard/MoE_circuits/results/circuits/alpha_beta_sweep/sweep_src51_chunk00.npz
