[448] source_idx=49  chunk_idx=7
host=piora5  cpus=1
/scratch/sleonard/miniconda3/envs/megatron/lib/python3.11/site-packages/torch/cuda/__init__.py:61: FutureWarning: The pynvml package is deprecated. Please install nvidia-ml-py instead. If you did not install pynvml directly, please report this to the maintainers of the package that installed pynvml for you.
  import pynvml  # type: ignore[import]
=== α × Q Sweep at β = 0.5 ===
  source : olmoe/math (idx 49)
  targets: chunk 7/8  -> 7 tuples
  α      : [0.0, 0.5, 1.0]
  Q      : [0.9, 0.99, 0.999]
  cells  : 9 (α × Q) per pair
  total  : 63 FGW calls
  output : /scratch/sleonard/MoE_circuits/results/circuits/alpha_beta_sweep/sweep_src49_chunk07.npz

[1/2] Building source triples at each Q ...
  Q=  0.9: built in     2.8s  n_verts=  1024  θ=0.009244
  Q= 0.99: built in     2.5s  n_verts=   941  θ=0.02863
  Q=0.999: built in     2.2s  n_verts=   351  θ=0.07348

[2/2] Sweeping 7 targets × 9 (α, Q) cells ...

  [ 1/7] olmoe/code ...
    done in 92.9s  avg_S=0.8249  (elapsed 1.5min)

  [ 2/7] olmoe/wikitext2 ...
    done in 104.6s  avg_S=0.7386  (elapsed 3.3min)

  [ 3/7] olmoe/gsm8k ...
    done in 99.5s  avg_S=0.8030  (elapsed 4.9min)

  [ 4/7] olmoe/humaneval ...
    done in 133.8s  avg_S=0.7604  (elapsed 7.2min)

  [ 5/7] olmoe/pile-arxiv ...
    done in 86.0s  avg_S=0.8664  (elapsed 8.6min)

  [ 6/7] olmoe/pile-github ...
    done in 79.2s  avg_S=0.8089  (elapsed 9.9min)

  [ 7/7] phi-3.5-moe/c4 ...
    done in 32.8s  avg_S=0.6098  (elapsed 10.5min)

=== Worker done in 10.5 min ===
Saved: /scratch/sleonard/MoE_circuits/results/circuits/alpha_beta_sweep/sweep_src49_chunk07.npz
