[514] source_idx=57  chunk_idx=1
host=piora5  cpus=1
/scratch/sleonard/miniconda3/envs/megatron/lib/python3.11/site-packages/torch/cuda/__init__.py:61: FutureWarning: The pynvml package is deprecated. Please install nvidia-ml-py instead. If you did not install pynvml directly, please report this to the maintainers of the package that installed pynvml for you.
  import pynvml  # type: ignore[import]
=== α × Q Sweep at β = 0.5 ===
  source : phi-3.5-moe/math (idx 57)
  targets: chunk 1/8  -> 7 tuples
  α      : [0.0, 0.5, 1.0]
  Q      : [0.9, 0.99, 0.999]
  cells  : 9 (α × Q) per pair
  total  : 63 FGW calls
  output : /scratch/sleonard/MoE_circuits/results/circuits/alpha_beta_sweep/sweep_src57_chunk01.npz

[1/2] Building source triples at each Q ...
  Q=  0.9: built in     1.3s  n_verts=   511  θ=0.0111
  Q= 0.99: built in     1.0s  n_verts=   441  θ=0.03324
  Q=0.999: built in     1.1s  n_verts=    89  θ=0.0892

[2/2] Sweeping 7 targets × 9 (α, Q) cells ...

  [ 1/7] mixtral-8x7b/pile-github ...
    done in 7.0s  avg_S=0.6501  (elapsed 0.1min)

  [ 2/7] mixtral-8x22b/c4 ...
    done in 13.8s  avg_S=0.6854  (elapsed 0.3min)

  [ 3/7] mixtral-8x22b/math ...
    done in 13.7s  avg_S=0.7179  (elapsed 0.6min)

  [ 4/7] mixtral-8x22b/code ...
    done in 14.0s  avg_S=0.7383  (elapsed 0.8min)

  [ 5/7] mixtral-8x22b/wikitext2 ...
    done in 20.2s  avg_S=0.6616  (elapsed 1.1min)

  [ 6/7] mixtral-8x22b/gsm8k ...
    done in 13.3s  avg_S=0.7240  (elapsed 1.4min)

  [ 7/7] mixtral-8x22b/humaneval ...
    done in 14.7s  avg_S=0.7081  (elapsed 1.6min)

=== Worker done in 1.6 min ===
Saved: /scratch/sleonard/MoE_circuits/results/circuits/alpha_beta_sweep/sweep_src57_chunk01.npz
