[28] source_idx=3  chunk_idx=1
host=piora5  cpus=1
/scratch/sleonard/miniconda3/envs/megatron/lib/python3.11/site-packages/torch/cuda/__init__.py:61: FutureWarning: The pynvml package is deprecated. Please install nvidia-ml-py instead. If you did not install pynvml directly, please report this to the maintainers of the package that installed pynvml for you.
  import pynvml  # type: ignore[import]
=== α × Q Sweep at β = 0.5 ===
  source : mixtral-8x7b/wikitext2 (idx 3)
  targets: chunk 1/8  -> 7 tuples
  α      : [0.0, 0.5, 1.0]
  Q      : [0.9, 0.99, 0.999]
  cells  : 9 (α × Q) per pair
  total  : 63 FGW calls
  output : /scratch/sleonard/MoE_circuits/results/circuits/alpha_beta_sweep/sweep_src03_chunk01.npz

[1/2] Building source triples at each Q ...
  Q=  0.9: built in     1.5s  n_verts=   256  θ=0.02379
  Q= 0.99: built in     0.4s  n_verts=   168  θ=0.06039
  Q=0.999: built in     0.4s  n_verts=    36  θ=0.1824

[2/2] Sweeping 7 targets × 9 (α, Q) cells ...

  [ 1/7] mixtral-8x22b/c4 ...
    done in 8.9s  avg_S=0.8485  (elapsed 0.1min)

  [ 2/7] mixtral-8x22b/math ...
    done in 5.1s  avg_S=0.8204  (elapsed 0.2min)

  [ 3/7] mixtral-8x22b/code ...
    done in 5.4s  avg_S=0.8032  (elapsed 0.3min)

  [ 4/7] mixtral-8x22b/wikitext2 ...
    done in 5.8s  avg_S=0.9238  (elapsed 0.4min)

  [ 5/7] mixtral-8x22b/gsm8k ...
    done in 5.3s  avg_S=0.8307  (elapsed 0.5min)

  [ 6/7] mixtral-8x22b/humaneval ...
    done in 6.0s  avg_S=0.7519  (elapsed 0.6min)

  [ 7/7] mixtral-8x22b/pile-arxiv ...
    done in 4.8s  avg_S=0.8161  (elapsed 0.7min)

=== Worker done in 0.7 min ===
Saved: /scratch/sleonard/MoE_circuits/results/circuits/alpha_beta_sweep/sweep_src03_chunk01.npz
