[143] source_idx=15  chunk_idx=8
host=piora5  cpus=1
/scratch/sleonard/miniconda3/envs/megatron/lib/python3.11/site-packages/torch/cuda/__init__.py:61: FutureWarning: The pynvml package is deprecated. Please install nvidia-ml-py instead. If you did not install pynvml directly, please report this to the maintainers of the package that installed pynvml for you.
  import pynvml  # type: ignore[import]
=== α × Q Sweep at β = 0.5 ===
  source : mixtral-8x22b/pile-github (idx 15)
  targets: chunk 8/8  -> 7 tuples
  α      : [0.0, 0.5, 1.0]
  Q      : [0.9, 0.99, 0.999]
  cells  : 9 (α × Q) per pair
  total  : 63 FGW calls
  output : /scratch/sleonard/MoE_circuits/results/circuits/alpha_beta_sweep/sweep_src15_chunk08.npz

[1/2] Building source triples at each Q ...
  Q=  0.9: built in     1.1s  n_verts=   448  θ=0.01883
  Q= 0.99: built in     0.7s  n_verts=   360  θ=0.05103
  Q=0.999: built in     0.8s  n_verts=    88  θ=0.1767

[2/2] Sweeping 7 targets × 9 (α, Q) cells ...

  [ 1/7] phi-3.5-moe/math ...
    done in 10.1s  avg_S=0.7208  (elapsed 0.2min)

  [ 2/7] phi-3.5-moe/code ...
    done in 9.7s  avg_S=0.6003  (elapsed 0.3min)

  [ 3/7] phi-3.5-moe/wikitext2 ...
    done in 9.2s  avg_S=0.8429  (elapsed 0.5min)

  [ 4/7] phi-3.5-moe/gsm8k ...
    done in 9.2s  avg_S=0.7239  (elapsed 0.6min)

  [ 5/7] phi-3.5-moe/humaneval ...
    done in 10.1s  avg_S=0.6735  (elapsed 0.8min)

  [ 6/7] phi-3.5-moe/pile-arxiv ...
    done in 12.6s  avg_S=0.8141  (elapsed 1.0min)

  [ 7/7] phi-3.5-moe/pile-github ...
    done in 13.8s  avg_S=0.6660  (elapsed 1.2min)

=== Worker done in 1.2 min ===
Saved: /scratch/sleonard/MoE_circuits/results/circuits/alpha_beta_sweep/sweep_src15_chunk08.npz
