[106] source_idx=11  chunk_idx=7
host=piora5  cpus=1
/scratch/sleonard/miniconda3/envs/megatron/lib/python3.11/site-packages/torch/cuda/__init__.py:61: FutureWarning: The pynvml package is deprecated. Please install nvidia-ml-py instead. If you did not install pynvml directly, please report this to the maintainers of the package that installed pynvml for you.
  import pynvml  # type: ignore[import]
=== α × Q Sweep at β = 0.5 ===
  source : mixtral-8x22b/wikitext2 (idx 11)
  targets: chunk 7/8  -> 7 tuples
  α      : [0.0, 0.5, 1.0]
  Q      : [0.9, 0.99, 0.999]
  cells  : 9 (α × Q) per pair
  total  : 63 FGW calls
  output : /scratch/sleonard/MoE_circuits/results/circuits/alpha_beta_sweep/sweep_src11_chunk07.npz

[1/2] Building source triples at each Q ...
  Q=  0.9: built in     2.0s  n_verts=   448  θ=0.01908
  Q= 0.99: built in     0.8s  n_verts=   360  θ=0.04347
  Q=0.999: built in     0.8s  n_verts=    85  θ=0.1278

[2/2] Sweeping 7 targets × 9 (α, Q) cells ...

  [ 1/7] olmoe/code ...
    done in 32.5s  avg_S=0.4398  (elapsed 0.5min)

  [ 2/7] olmoe/wikitext2 ...
    done in 37.7s  avg_S=0.7276  (elapsed 1.2min)

  [ 3/7] olmoe/gsm8k ...
    done in 43.0s  avg_S=0.6637  (elapsed 1.9min)

  [ 4/7] olmoe/humaneval ...
    done in 29.7s  avg_S=0.4037  (elapsed 2.4min)

  [ 5/7] olmoe/pile-arxiv ...
    done in 25.0s  avg_S=0.6063  (elapsed 2.8min)

  [ 6/7] olmoe/pile-github ...
    done in 34.5s  avg_S=0.4384  (elapsed 3.4min)

  [ 7/7] phi-3.5-moe/c4 ...
    done in 11.8s  avg_S=0.8109  (elapsed 3.6min)

=== Worker done in 3.6 min ===
Saved: /scratch/sleonard/MoE_circuits/results/circuits/alpha_beta_sweep/sweep_src11_chunk07.npz
