[476] source_idx=52  chunk_idx=8
host=piora5  cpus=1
/scratch/sleonard/miniconda3/envs/megatron/lib/python3.11/site-packages/torch/cuda/__init__.py:61: FutureWarning: The pynvml package is deprecated. Please install nvidia-ml-py instead. If you did not install pynvml directly, please report this to the maintainers of the package that installed pynvml for you.
  import pynvml  # type: ignore[import]
=== α × Q Sweep at β = 0.5 ===
  source : olmoe/gsm8k (idx 52)
  targets: chunk 8/8  -> 7 tuples
  α      : [0.0, 0.5, 1.0]
  Q      : [0.9, 0.99, 0.999]
  cells  : 9 (α × Q) per pair
  total  : 63 FGW calls
  output : /scratch/sleonard/MoE_circuits/results/circuits/alpha_beta_sweep/sweep_src52_chunk08.npz

[1/2] Building source triples at each Q ...
  Q=  0.9: built in     2.8s  n_verts=  1023  θ=0.01074
  Q= 0.99: built in     2.1s  n_verts=   941  θ=0.03165
  Q=0.999: built in     1.8s  n_verts=   330  θ=0.08833

[2/2] Sweeping 7 targets × 9 (α, Q) cells ...

  [ 1/7] phi-3.5-moe/math ...
    done in 53.9s  avg_S=0.8167  (elapsed 0.9min)

  [ 2/7] phi-3.5-moe/code ...
    done in 39.7s  avg_S=0.7390  (elapsed 1.6min)

  [ 3/7] phi-3.5-moe/wikitext2 ...
    done in 36.1s  avg_S=0.7921  (elapsed 2.2min)

  [ 4/7] phi-3.5-moe/gsm8k ...
    done in 29.2s  avg_S=0.8296  (elapsed 2.6min)

  [ 5/7] phi-3.5-moe/humaneval ...
    done in 31.6s  avg_S=0.7701  (elapsed 3.2min)

  [ 6/7] phi-3.5-moe/pile-arxiv ...
    done in 62.4s  avg_S=0.8046  (elapsed 4.2min)

  [ 7/7] phi-3.5-moe/pile-github ...
    done in 29.2s  avg_S=0.7715  (elapsed 4.7min)

=== Worker done in 4.7 min ===
Saved: /scratch/sleonard/MoE_circuits/results/circuits/alpha_beta_sweep/sweep_src52_chunk08.npz
