[485] source_idx=53  chunk_idx=8
host=piora5  cpus=1
/scratch/sleonard/miniconda3/envs/megatron/lib/python3.11/site-packages/torch/cuda/__init__.py:61: FutureWarning: The pynvml package is deprecated. Please install nvidia-ml-py instead. If you did not install pynvml directly, please report this to the maintainers of the package that installed pynvml for you.
  import pynvml  # type: ignore[import]
=== α × Q Sweep at β = 0.5 ===
  source : olmoe/humaneval (idx 53)
  targets: chunk 8/8  -> 7 tuples
  α      : [0.0, 0.5, 1.0]
  Q      : [0.9, 0.99, 0.999]
  cells  : 9 (α × Q) per pair
  total  : 63 FGW calls
  output : /scratch/sleonard/MoE_circuits/results/circuits/alpha_beta_sweep/sweep_src53_chunk08.npz

[1/2] Building source triples at each Q ...
  Q=  0.9: built in     2.5s  n_verts=  1012  θ=0.01925
  Q= 0.99: built in     2.1s  n_verts=   754  θ=0.06842
  Q=0.999: built in     1.8s  n_verts=   165  θ=0.1931

[2/2] Sweeping 7 targets × 9 (α, Q) cells ...

  [ 1/7] phi-3.5-moe/math ...
    done in 43.9s  avg_S=0.6024  (elapsed 0.7min)

  [ 2/7] phi-3.5-moe/code ...
    done in 54.6s  avg_S=0.6230  (elapsed 1.6min)

  [ 3/7] phi-3.5-moe/wikitext2 ...
    done in 35.1s  avg_S=0.4802  (elapsed 2.2min)

  [ 4/7] phi-3.5-moe/gsm8k ...
    done in 27.8s  avg_S=0.5718  (elapsed 2.7min)

  [ 5/7] phi-3.5-moe/humaneval ...
    done in 31.6s  avg_S=0.6397  (elapsed 3.2min)

  [ 6/7] phi-3.5-moe/pile-arxiv ...
    done in 28.5s  avg_S=0.5129  (elapsed 3.7min)

  [ 7/7] phi-3.5-moe/pile-github ...
    done in 38.1s  avg_S=0.6139  (elapsed 4.3min)

=== Worker done in 4.3 min ===
Saved: /scratch/sleonard/MoE_circuits/results/circuits/alpha_beta_sweep/sweep_src53_chunk08.npz
