[530] source_idx=58  chunk_idx=8
host=piora5  cpus=1
/scratch/sleonard/miniconda3/envs/megatron/lib/python3.11/site-packages/torch/cuda/__init__.py:61: FutureWarning: The pynvml package is deprecated. Please install nvidia-ml-py instead. If you did not install pynvml directly, please report this to the maintainers of the package that installed pynvml for you.
  import pynvml  # type: ignore[import]
=== α × Q Sweep at β = 0.5 ===
  source : phi-3.5-moe/code (idx 58)
  targets: chunk 8/8  -> 7 tuples
  α      : [0.0, 0.5, 1.0]
  Q      : [0.9, 0.99, 0.999]
  cells  : 9 (α × Q) per pair
  total  : 63 FGW calls
  output : /scratch/sleonard/MoE_circuits/results/circuits/alpha_beta_sweep/sweep_src58_chunk08.npz

[1/2] Building source triples at each Q ...
  Q=  0.9: built in     1.7s  n_verts=   511  θ=0.01261
  Q= 0.99: built in     0.9s  n_verts=   378  θ=0.04278
  Q=0.999: built in     0.9s  n_verts=    95  θ=0.1319

[2/2] Sweeping 7 targets × 9 (α, Q) cells ...

  [ 1/7] phi-3.5-moe/c4 ...
    done in 13.5s  avg_S=0.6679  (elapsed 0.2min)

  [ 2/7] phi-3.5-moe/math ...
    done in 12.7s  avg_S=0.7722  (elapsed 0.4min)

  [ 3/7] phi-3.5-moe/wikitext2 ...
    done in 12.4s  avg_S=0.6895  (elapsed 0.6min)

  [ 4/7] phi-3.5-moe/gsm8k ...
    done in 12.3s  avg_S=0.7550  (elapsed 0.8min)

  [ 5/7] phi-3.5-moe/humaneval ...
    done in 13.1s  avg_S=0.7642  (elapsed 1.1min)

  [ 6/7] phi-3.5-moe/pile-arxiv ...
    done in 15.6s  avg_S=0.7351  (elapsed 1.3min)

  [ 7/7] phi-3.5-moe/pile-github ...
    done in 7.4s  avg_S=0.8861  (elapsed 1.5min)

=== Worker done in 1.5 min ===
Saved: /scratch/sleonard/MoE_circuits/results/circuits/alpha_beta_sweep/sweep_src58_chunk08.npz
