[106] source_idx=11  chunk_idx=7
host=piora5  cpus=1
/scratch/sleonard/miniconda3/envs/megatron/lib/python3.11/site-packages/torch/cuda/__init__.py:61: FutureWarning: The pynvml package is deprecated. Please install nvidia-ml-py instead. If you did not install pynvml directly, please report this to the maintainers of the package that installed pynvml for you.
  import pynvml  # type: ignore[import]
=== α × Q Sweep at β = 0.5 ===
  source : mixtral-8x22b/wikitext2 (idx 11)
  targets: chunk 7/8  -> 7 tuples
  α      : [0.0, 0.5, 1.0]
  Q      : [0.9, 0.99, 0.999]
  cells  : 9 (α × Q) per pair
  total  : 63 FGW calls
  output : /scratch/sleonard/MoE_circuits/results/circuits/alpha_beta_sweep/sweep_src11_chunk07.npz
[resume] 5/7 targets already done

[1/2] Building source triples at each Q ...
  Q=  0.9: built in     1.2s  n_verts=   448  θ=0.01908
  Q= 0.99: built in     0.7s  n_verts=   360  θ=0.04347
  Q=0.999: built in     0.7s  n_verts=    85  θ=0.1278

[2/2] Sweeping 7 targets × 9 (α, Q) cells ...

  [ 6/7] olmoe/pile-github ...
    done in 40.9s  avg_S=0.4384  (elapsed 0.7min)

  [ 7/7] phi-3.5-moe/c4 ...
    done in 15.3s  avg_S=0.8109  (elapsed 0.9min)

=== Worker done in 0.9 min ===
Saved: /scratch/sleonard/MoE_circuits/results/circuits/alpha_beta_sweep/sweep_src11_chunk07.npz
