[468] source_idx=52  chunk_idx=0
host=piora5  cpus=1
/scratch/sleonard/miniconda3/envs/megatron/lib/python3.11/site-packages/torch/cuda/__init__.py:61: FutureWarning: The pynvml package is deprecated. Please install nvidia-ml-py instead. If you did not install pynvml directly, please report this to the maintainers of the package that installed pynvml for you.
  import pynvml  # type: ignore[import]
=== α × Q Sweep at β = 0.5 ===
  source : olmoe/gsm8k (idx 52)
  targets: chunk 0/8  -> 7 tuples
  α      : [0.0, 0.5, 1.0]
  Q      : [0.9, 0.99, 0.999]
  cells  : 9 (α × Q) per pair
  total  : 63 FGW calls
  output : /scratch/sleonard/MoE_circuits/results/circuits/alpha_beta_sweep/sweep_src52_chunk00.npz

[1/2] Building source triples at each Q ...
  Q=  0.9: built in     3.4s  n_verts=  1023  θ=0.01074
  Q= 0.99: built in     2.0s  n_verts=   941  θ=0.03165
  Q=0.999: built in     1.9s  n_verts=   330  θ=0.08833

[2/2] Sweeping 7 targets × 9 (α, Q) cells ...

  [ 1/7] mixtral-8x7b/c4 ...
    done in 15.5s  avg_S=0.6340  (elapsed 0.3min)

  [ 2/7] mixtral-8x7b/math ...
    done in 19.5s  avg_S=0.6429  (elapsed 0.6min)

  [ 3/7] mixtral-8x7b/code ...
    done in 16.1s  avg_S=0.6458  (elapsed 0.9min)

  [ 4/7] mixtral-8x7b/wikitext2 ...
    done in 18.4s  avg_S=0.6260  (elapsed 1.2min)

  [ 5/7] mixtral-8x7b/gsm8k ...
    done in 14.1s  avg_S=0.6632  (elapsed 1.4min)

  [ 6/7] mixtral-8x7b/humaneval ...
    done in 17.7s  avg_S=0.6760  (elapsed 1.7min)

  [ 7/7] mixtral-8x7b/pile-arxiv ...
    done in 17.5s  avg_S=0.6364  (elapsed 2.0min)

=== Worker done in 2.0 min ===
Saved: /scratch/sleonard/MoE_circuits/results/circuits/alpha_beta_sweep/sweep_src52_chunk00.npz
