[575] source_idx=63  chunk_idx=8
host=piora5  cpus=1
/scratch/sleonard/miniconda3/envs/megatron/lib/python3.11/site-packages/torch/cuda/__init__.py:61: FutureWarning: The pynvml package is deprecated. Please install nvidia-ml-py instead. If you did not install pynvml directly, please report this to the maintainers of the package that installed pynvml for you.
  import pynvml  # type: ignore[import]
=== α × Q Sweep at β = 0.5 ===
  source : phi-3.5-moe/pile-github (idx 63)
  targets: chunk 8/8  -> 7 tuples
  α      : [0.0, 0.5, 1.0]
  Q      : [0.9, 0.99, 0.999]
  cells  : 9 (α × Q) per pair
  total  : 63 FGW calls
  output : /scratch/sleonard/MoE_circuits/results/circuits/alpha_beta_sweep/sweep_src63_chunk08.npz

[1/2] Building source triples at each Q ...
  Q=  0.9: built in     2.9s  n_verts=   511  θ=0.01408
  Q= 0.99: built in     1.1s  n_verts=   390  θ=0.04138
  Q=0.999: built in     1.0s  n_verts=    83  θ=0.1377

[2/2] Sweeping 7 targets × 9 (α, Q) cells ...

  [ 1/7] phi-3.5-moe/c4 ...
    done in 20.7s  avg_S=0.7272  (elapsed 0.3min)

  [ 2/7] phi-3.5-moe/math ...
    done in 12.3s  avg_S=0.8307  (elapsed 0.6min)

  [ 3/7] phi-3.5-moe/code ...
    done in 7.2s  avg_S=0.8861  (elapsed 0.7min)

  [ 4/7] phi-3.5-moe/wikitext2 ...
    done in 9.7s  avg_S=0.7481  (elapsed 0.8min)

  [ 5/7] phi-3.5-moe/gsm8k ...
    done in 18.5s  avg_S=0.8006  (elapsed 1.1min)

  [ 6/7] phi-3.5-moe/humaneval ...
    done in 27.8s  avg_S=0.8207  (elapsed 1.6min)

  [ 7/7] phi-3.5-moe/pile-arxiv ...
    done in 16.3s  avg_S=0.7986  (elapsed 1.9min)

=== Worker done in 1.9 min ===
Saved: /scratch/sleonard/MoE_circuits/results/circuits/alpha_beta_sweep/sweep_src63_chunk08.npz
