[493] source_idx=54  chunk_idx=7
host=piora5  cpus=1
/scratch/sleonard/miniconda3/envs/megatron/lib/python3.11/site-packages/torch/cuda/__init__.py:61: FutureWarning: The pynvml package is deprecated. Please install nvidia-ml-py instead. If you did not install pynvml directly, please report this to the maintainers of the package that installed pynvml for you.
  import pynvml  # type: ignore[import]
=== α × Q Sweep at β = 0.5 ===
  source : olmoe/pile-arxiv (idx 54)
  targets: chunk 7/8  -> 7 tuples
  α      : [0.0, 0.5, 1.0]
  Q      : [0.9, 0.99, 0.999]
  cells  : 9 (α × Q) per pair
  total  : 63 FGW calls
  output : /scratch/sleonard/MoE_circuits/results/circuits/alpha_beta_sweep/sweep_src54_chunk07.npz

[1/2] Building source triples at each Q ...
  Q=  0.9: built in     2.6s  n_verts=  1024  θ=0.01019
  Q= 0.99: built in     2.0s  n_verts=   860  θ=0.03352
  Q=0.999: built in     1.9s  n_verts=   255  θ=0.1548

[2/2] Sweeping 7 targets × 9 (α, Q) cells ...

  [ 1/7] olmoe/math ...
    done in 59.4s  avg_S=0.8664  (elapsed 1.0min)

  [ 2/7] olmoe/code ...
    done in 120.3s  avg_S=0.7350  (elapsed 3.0min)

  [ 3/7] olmoe/wikitext2 ...
    done in 114.7s  avg_S=0.8481  (elapsed 4.9min)

  [ 4/7] olmoe/gsm8k ...
    done in 118.9s  avg_S=0.8851  (elapsed 6.9min)

  [ 5/7] olmoe/humaneval ...
    done in 75.8s  avg_S=0.6516  (elapsed 8.2min)

  [ 6/7] olmoe/pile-github ...
    done in 79.3s  avg_S=0.7165  (elapsed 9.5min)

  [ 7/7] phi-3.5-moe/c4 ...
    done in 28.1s  avg_S=0.7227  (elapsed 9.9min)

=== Worker done in 9.9 min ===
Saved: /scratch/sleonard/MoE_circuits/results/circuits/alpha_beta_sweep/sweep_src54_chunk07.npz
