[450] source_idx=50  chunk_idx=0
host=piora5  cpus=1
/scratch/sleonard/miniconda3/envs/megatron/lib/python3.11/site-packages/torch/cuda/__init__.py:61: FutureWarning: The pynvml package is deprecated. Please install nvidia-ml-py instead. If you did not install pynvml directly, please report this to the maintainers of the package that installed pynvml for you.
  import pynvml  # type: ignore[import]
=== α × Q Sweep at β = 0.5 ===
  source : olmoe/code (idx 50)
  targets: chunk 0/8  -> 7 tuples
  α      : [0.0, 0.5, 1.0]
  Q      : [0.9, 0.99, 0.999]
  cells  : 9 (α × Q) per pair
  total  : 63 FGW calls
  output : /scratch/sleonard/MoE_circuits/results/circuits/alpha_beta_sweep/sweep_src50_chunk00.npz

[1/2] Building source triples at each Q ...
  Q=  0.9: built in     2.8s  n_verts=  1023  θ=0.009687
  Q= 0.99: built in     2.3s  n_verts=   890  θ=0.0323
  Q=0.999: built in     2.2s  n_verts=   319  θ=0.08794

[2/2] Sweeping 7 targets × 9 (α, Q) cells ...

  [ 1/7] mixtral-8x7b/c4 ...
    done in 18.4s  avg_S=0.4241  (elapsed 0.3min)

  [ 2/7] mixtral-8x7b/math ...
    done in 16.0s  avg_S=0.4308  (elapsed 0.6min)

  [ 3/7] mixtral-8x7b/code ...
    done in 21.7s  avg_S=0.4352  (elapsed 0.9min)

  [ 4/7] mixtral-8x7b/wikitext2 ...
    done in 20.3s  avg_S=0.4242  (elapsed 1.3min)

  [ 5/7] mixtral-8x7b/gsm8k ...
    done in 16.5s  avg_S=0.4414  (elapsed 1.5min)

  [ 6/7] mixtral-8x7b/humaneval ...
    done in 20.5s  avg_S=0.4463  (elapsed 1.9min)

  [ 7/7] mixtral-8x7b/pile-arxiv ...
    done in 19.0s  avg_S=0.4315  (elapsed 2.2min)

=== Worker done in 2.2 min ===
Saved: /scratch/sleonard/MoE_circuits/results/circuits/alpha_beta_sweep/sweep_src50_chunk00.npz
