[496] source_idx=55  chunk_idx=1
host=piora5  cpus=1
/scratch/sleonard/miniconda3/envs/megatron/lib/python3.11/site-packages/torch/cuda/__init__.py:61: FutureWarning: The pynvml package is deprecated. Please install nvidia-ml-py instead. If you did not install pynvml directly, please report this to the maintainers of the package that installed pynvml for you.
  import pynvml  # type: ignore[import]
=== α × Q Sweep at β = 0.5 ===
  source : olmoe/pile-github (idx 55)
  targets: chunk 1/8  -> 7 tuples
  α      : [0.0, 0.5, 1.0]
  Q      : [0.9, 0.99, 0.999]
  cells  : 9 (α × Q) per pair
  total  : 63 FGW calls
  output : /scratch/sleonard/MoE_circuits/results/circuits/alpha_beta_sweep/sweep_src55_chunk01.npz

[1/2] Building source triples at each Q ...
  Q=  0.9: built in     3.1s  n_verts=  1022  θ=0.01155
  Q= 0.99: built in     2.2s  n_verts=   882  θ=0.03299
  Q=0.999: built in     2.2s  n_verts=   273  θ=0.08068

[2/2] Sweeping 7 targets × 9 (α, Q) cells ...

  [ 1/7] mixtral-8x7b/pile-github ...
    done in 22.4s  avg_S=0.4295  (elapsed 0.4min)

  [ 2/7] mixtral-8x22b/c4 ...
    done in 36.9s  avg_S=0.4411  (elapsed 1.0min)

  [ 3/7] mixtral-8x22b/math ...
    done in 53.6s  avg_S=0.4726  (elapsed 1.9min)

  [ 4/7] mixtral-8x22b/code ...
    done in 62.9s  avg_S=0.4815  (elapsed 2.9min)

  [ 5/7] mixtral-8x22b/wikitext2 ...
    done in 49.9s  avg_S=0.4383  (elapsed 3.8min)

  [ 6/7] mixtral-8x22b/gsm8k ...
    done in 68.2s  avg_S=0.4764  (elapsed 4.9min)

  [ 7/7] mixtral-8x22b/humaneval ...
    done in 48.2s  avg_S=0.4683  (elapsed 5.7min)

=== Worker done in 5.7 min ===
Saved: /scratch/sleonard/MoE_circuits/results/circuits/alpha_beta_sweep/sweep_src55_chunk01.npz
