[531] source_idx=59  chunk_idx=0
host=piora5  cpus=1
/scratch/sleonard/miniconda3/envs/megatron/lib/python3.11/site-packages/torch/cuda/__init__.py:61: FutureWarning: The pynvml package is deprecated. Please install nvidia-ml-py instead. If you did not install pynvml directly, please report this to the maintainers of the package that installed pynvml for you.
  import pynvml  # type: ignore[import]
=== α × Q Sweep at β = 0.5 ===
  source : phi-3.5-moe/wikitext2 (idx 59)
  targets: chunk 0/8  -> 7 tuples
  α      : [0.0, 0.5, 1.0]
  Q      : [0.9, 0.99, 0.999]
  cells  : 9 (α × Q) per pair
  total  : 63 FGW calls
  output : /scratch/sleonard/MoE_circuits/results/circuits/alpha_beta_sweep/sweep_src59_chunk00.npz

[1/2] Building source triples at each Q ...
  Q=  0.9: built in     1.7s  n_verts=   509  θ=0.01331
  Q= 0.99: built in     0.9s  n_verts=   441  θ=0.03834
  Q=0.999: built in     1.0s  n_verts=    87  θ=0.1537

[2/2] Sweeping 7 targets × 9 (α, Q) cells ...

  [ 1/7] mixtral-8x7b/c4 ...
    done in 6.1s  avg_S=0.7734  (elapsed 0.1min)

  [ 2/7] mixtral-8x7b/math ...
    done in 6.6s  avg_S=0.7771  (elapsed 0.2min)

  [ 3/7] mixtral-8x7b/code ...
    done in 5.4s  avg_S=0.7733  (elapsed 0.3min)

  [ 4/7] mixtral-8x7b/wikitext2 ...
    done in 5.1s  avg_S=0.7593  (elapsed 0.4min)

  [ 5/7] mixtral-8x7b/gsm8k ...
    done in 8.4s  avg_S=0.7943  (elapsed 0.5min)

  [ 6/7] mixtral-8x7b/humaneval ...
    done in 5.6s  avg_S=0.7786  (elapsed 0.6min)

  [ 7/7] mixtral-8x7b/pile-arxiv ...
    done in 5.3s  avg_S=0.7581  (elapsed 0.7min)

=== Worker done in 0.7 min ===
Saved: /scratch/sleonard/MoE_circuits/results/circuits/alpha_beta_sweep/sweep_src59_chunk00.npz
