[432] source_idx=48  chunk_idx=0
host=piora5  cpus=1
/scratch/sleonard/miniconda3/envs/megatron/lib/python3.11/site-packages/torch/cuda/__init__.py:61: FutureWarning: The pynvml package is deprecated. Please install nvidia-ml-py instead. If you did not install pynvml directly, please report this to the maintainers of the package that installed pynvml for you.
  import pynvml  # type: ignore[import]
=== α × Q Sweep at β = 0.5 ===
  source : olmoe/c4 (idx 48)
  targets: chunk 0/8  -> 7 tuples
  α      : [0.0, 0.5, 1.0]
  Q      : [0.9, 0.99, 0.999]
  cells  : 9 (α × Q) per pair
  total  : 63 FGW calls
  output : /scratch/sleonard/MoE_circuits/results/circuits/alpha_beta_sweep/sweep_src48_chunk00.npz

[1/2] Building source triples at each Q ...
  Q=  0.9: built in     3.1s  n_verts=  1024  θ=0.00923
  Q= 0.99: built in     2.0s  n_verts=   974  θ=0.02535
  Q=0.999: built in     2.0s  n_verts=   355  θ=0.06252

[2/2] Sweeping 7 targets × 9 (α, Q) cells ...

  [ 1/7] mixtral-8x7b/c4 ...
    done in 13.2s  avg_S=0.7277  (elapsed 0.2min)

  [ 2/7] mixtral-8x7b/math ...
    done in 12.2s  avg_S=0.7063  (elapsed 0.4min)

  [ 3/7] mixtral-8x7b/code ...
    done in 47.9s  avg_S=0.7055  (elapsed 1.2min)

  [ 4/7] mixtral-8x7b/wikitext2 ...
    done in 16.6s  avg_S=0.7147  (elapsed 1.5min)

  [ 5/7] mixtral-8x7b/gsm8k ...
    done in 14.2s  avg_S=0.7316  (elapsed 1.7min)

  [ 6/7] mixtral-8x7b/humaneval ...
    done in 13.3s  avg_S=0.7155  (elapsed 2.0min)

  [ 7/7] mixtral-8x7b/pile-arxiv ...
    done in 15.0s  avg_S=0.7080  (elapsed 2.2min)

=== Worker done in 2.2 min ===
Saved: /scratch/sleonard/MoE_circuits/results/circuits/alpha_beta_sweep/sweep_src48_chunk00.npz
