[440] source_idx=48  chunk_idx=8
host=piora5  cpus=1
/scratch/sleonard/miniconda3/envs/megatron/lib/python3.11/site-packages/torch/cuda/__init__.py:61: FutureWarning: The pynvml package is deprecated. Please install nvidia-ml-py instead. If you did not install pynvml directly, please report this to the maintainers of the package that installed pynvml for you.
  import pynvml  # type: ignore[import]
=== α × Q Sweep at β = 0.5 ===
  source : olmoe/c4 (idx 48)
  targets: chunk 8/8  -> 7 tuples
  α      : [0.0, 0.5, 1.0]
  Q      : [0.9, 0.99, 0.999]
  cells  : 9 (α × Q) per pair
  total  : 63 FGW calls
  output : /scratch/sleonard/MoE_circuits/results/circuits/alpha_beta_sweep/sweep_src48_chunk08.npz

[1/2] Building source triples at each Q ...
  Q=  0.9: built in     2.9s  n_verts=  1024  θ=0.00923
  Q= 0.99: built in     2.4s  n_verts=   974  θ=0.02535
  Q=0.999: built in     2.3s  n_verts=   355  θ=0.06252

[2/2] Sweeping 7 targets × 9 (α, Q) cells ...

  [ 1/7] phi-3.5-moe/math ...
    done in 38.2s  avg_S=0.7856  (elapsed 0.6min)

  [ 2/7] phi-3.5-moe/code ...
    done in 25.4s  avg_S=0.6646  (elapsed 1.1min)

  [ 3/7] phi-3.5-moe/wikitext2 ...
    done in 44.1s  avg_S=0.8297  (elapsed 1.8min)

  [ 4/7] phi-3.5-moe/gsm8k ...
    done in 33.6s  avg_S=0.7880  (elapsed 2.4min)

  [ 5/7] phi-3.5-moe/humaneval ...
    done in 37.0s  avg_S=0.7064  (elapsed 3.0min)

  [ 6/7] phi-3.5-moe/pile-arxiv ...
    done in 32.0s  avg_S=0.8321  (elapsed 3.5min)

  [ 7/7] phi-3.5-moe/pile-github ...
    done in 29.9s  avg_S=0.7305  (elapsed 4.0min)

=== Worker done in 4.0 min ===
Saved: /scratch/sleonard/MoE_circuits/results/circuits/alpha_beta_sweep/sweep_src48_chunk08.npz
